#
# There is insufficient memory for the Java Runtime Environment to continue.
# Native memory allocation (malloc) failed to allocate 1438992 bytes. Error detail: Chunk::new
# Possible reasons:
#   The system is out of physical RAM or swap space
#   This process is running with CompressedOops enabled, and the Java Heap may be blocking the growth of the native heap
# Possible solutions:
#   Reduce memory load on the system
#   Increase physical memory or swap space
#   Check if swap backing store is full
#   Decrease Java heap size (-Xmx/-Xms)
#   Decrease number of Java threads
#   Decrease Java thread stack sizes (-Xss)
#   Set larger code cache with -XX:ReservedCodeCacheSize=
#   JVM is running with Unscaled Compressed Oops mode in which the Java heap is
#     placed in the first 4GB address space. The Java Heap base address is the
#     maximum limit for the native heap growth. Please use -XX:HeapBaseMinAddress
#     to set the Java Heap base and to place the Java Heap above 4GB virtual address.
# This output file may be truncated or incomplete.
#
#  Out of Memory Error (arena.cpp:168), pid=6476, tid=15440
#
# JRE version: OpenJDK Runtime Environment Temurin-21.0.7+6 (21.0.7+6) (build 21.0.7+6-LTS)
# Java VM: OpenJDK 64-Bit Server VM Temurin-21.0.7+6 (21.0.7+6-LTS, mixed mode, sharing, tiered, compressed oops, compressed class ptrs, parallel gc, windows-amd64)
# No core dump will be written. Minidumps are not enabled by default on client versions of Windows
#

---------------  S U M M A R Y ------------

Command Line: --add-modules=ALL-SYSTEM --add-opens=java.base/java.util=ALL-UNNAMED --add-opens=java.base/java.lang=ALL-UNNAMED --add-opens=java.base/sun.nio.fs=ALL-UNNAMED -Declipse.application=org.eclipse.jdt.ls.core.id1 -Dosgi.bundles.defaultStartLevel=4 -Declipse.product=org.eclipse.jdt.ls.core.product -Djava.import.generatesMetadataFilesAtProjectRoot=false -DDetectVMInstallationsJob.disabled=true -Dfile.encoding=utf8 -XX:+UseParallelGC -XX:GCTimeRatio=4 -XX:AdaptiveSizePolicyWeight=90 -Dsun.zip.disableMemoryMapping=true -Xmx2G -Xms100m -Xlog:disable -javaagent:c:\Users\USER\.cursor\extensions\redhat.java-1.43.1-win32-x64\lombok\lombok-1.18.39-4050.jar -XX:+HeapDumpOnOutOfMemoryError -XX:HeapDumpPath=c:\Users\USER\AppData\Roaming\Cursor\User\workspaceStorage\a409cf2a2b3f08980975c45b2b5a4642\redhat.java -Daether.dependencyCollector.impl=bf c:\Users\USER\.cursor\extensions\redhat.java-1.43.1-win32-x64\server\plugins\org.eclipse.equinox.launcher_1.7.0.v20250519-0528.jar -configuration c:\Users\USER\AppData\Roaming\Cursor\User\globalStorage\redhat.java\1.43.1\config_win -data c:\Users\USER\AppData\Roaming\Cursor\User\workspaceStorage\a409cf2a2b3f08980975c45b2b5a4642\redhat.java\jdt_ws --pipe=\\.\pipe\lsp-75b5874db87d108052487c8499d37300-sock

Host: Intel(R) Core(TM) i7-8665U CPU @ 1.90GHz, 8 cores, 7G,  Windows 11 , 64 bit Build 26100 (10.0.26100.4768)
Time: Sun Jul 27 22:44:42 2025 Pacific Daylight Time elapsed time: 84.116567 seconds (0d 0h 1m 24s)

---------------  T H R E A D  ---------------

Current thread (0x000001dc1f9aef60):  JavaThread "C2 CompilerThread0" daemon [_thread_in_native, id=15440, stack(0x000000ac3b100000,0x000000ac3b200000) (1024K)]


Current CompileTask:
C2:84117 15612 %s!   4       org.eclipse.jdt.internal.core.index.DiskIndex::readCategoryTable @ 260 (743 bytes)

Stack: [0x000000ac3b100000,0x000000ac3b200000]
Native frames: (J=compiled Java code, j=interpreted, Vv=VM code, C=native code)
V  [jvm.dll+0x6ce119]
V  [jvm.dll+0x8a84a1]
V  [jvm.dll+0x8aa9ce]
V  [jvm.dll+0x8ab0b3]
V  [jvm.dll+0x27f8a6]
V  [jvm.dll+0xc507d]
V  [jvm.dll+0xc55b3]
V  [jvm.dll+0x3b692c]
V  [jvm.dll+0x1e0029]
V  [jvm.dll+0x247c42]
V  [jvm.dll+0x2470cf]
V  [jvm.dll+0x1c760e]
V  [jvm.dll+0x25695a]
V  [jvm.dll+0x254efa]
V  [jvm.dll+0x3f03f6]
V  [jvm.dll+0x851f6b]
V  [jvm.dll+0x6cc7dd]
C  [ucrtbase.dll+0x37b0]
C  [KERNEL32.DLL+0x2e8d7]
C  [ntdll.dll+0x3c34c]


---------------  P R O C E S S  ---------------

Threads class SMR info:
_java_thread_list=0x000001dc6eccfb90, length=62, elements={
0x000001dc091d3bf0, 0x000001dc1f9881f0, 0x000001dc1f98a620, 0x000001dc1f98ddd0,
0x000001dc1f98edd0, 0x000001dc1f994b20, 0x000001dc1f99d3a0, 0x000001dc1f9aef60,
0x000001dc1f9b3840, 0x000001dc1f99da30, 0x000001dc1f99ede0, 0x000001dc1f99c680,
0x000001dc1f99e0c0, 0x000001dc1f99e750, 0x000001dc1f99bff0, 0x000001dc1f99f470,
0x000001dc67b8a940, 0x000001dc67b89c20, 0x000001dc67b881e0, 0x000001dc67b87b50,
0x000001dc67b8afd0, 0x000001dc67b88f00, 0x000001dc67b8a2b0, 0x000001dc67b8b660,
0x000001dc67b8bcf0, 0x000001dc67b8c380, 0x000001dc67b8ca10, 0x000001dc67b89590,
0x000001dc67b8ddc0, 0x000001dc67b8d0a0, 0x000001dc67b8eae0, 0x000001dc67b8e450,
0x000001dc67b8d730, 0x000001dc69d81260, 0x000001dc69d818f0, 0x000001dc69d7f820,
0x000001dc69d80540, 0x000001dc69d7feb0, 0x000001dc69d81f80, 0x000001dc69d7eb00,
0x000001dc69d7f190, 0x000001dc6aa52960, 0x000001dc6aa53d10, 0x000001dc6aa543a0,
0x000001dc6aa54a30, 0x000001dc6aa515b0, 0x000001dc6aa56b00, 0x000001dc6aa55de0,
0x000001dc6aa57820, 0x000001dc6aa57190, 0x000001dc6aa57eb0, 0x000001dc6aa56470,
0x000001dc6aa58540, 0x000001dc6aa550c0, 0x000001dc68532b90, 0x000001dc68531e70,
0x000001dc68534c60, 0x000001dc685317e0, 0x000001dc68536010, 0x000001dc68535980,
0x000001dc68533220, 0x000001dc685366a0
}

Java Threads: ( => current thread )
  0x000001dc091d3bf0 JavaThread "main"                              [_thread_blocked, id=6876, stack(0x000000ac3a700000,0x000000ac3a800000) (1024K)]
  0x000001dc1f9881f0 JavaThread "Reference Handler"          daemon [_thread_blocked, id=1712, stack(0x000000ac3ab00000,0x000000ac3ac00000) (1024K)]
  0x000001dc1f98a620 JavaThread "Finalizer"                  daemon [_thread_blocked, id=8536, stack(0x000000ac3ac00000,0x000000ac3ad00000) (1024K)]
  0x000001dc1f98ddd0 JavaThread "Signal Dispatcher"          daemon [_thread_blocked, id=12312, stack(0x000000ac3ad00000,0x000000ac3ae00000) (1024K)]
  0x000001dc1f98edd0 JavaThread "Attach Listener"            daemon [_thread_blocked, id=14684, stack(0x000000ac3ae00000,0x000000ac3af00000) (1024K)]
  0x000001dc1f994b20 JavaThread "Service Thread"             daemon [_thread_blocked, id=17392, stack(0x000000ac3af00000,0x000000ac3b000000) (1024K)]
  0x000001dc1f99d3a0 JavaThread "Monitor Deflation Thread"   daemon [_thread_blocked, id=5452, stack(0x000000ac3b000000,0x000000ac3b100000) (1024K)]
=>0x000001dc1f9aef60 JavaThread "C2 CompilerThread0"         daemon [_thread_in_native, id=15440, stack(0x000000ac3b100000,0x000000ac3b200000) (1024K)]
  0x000001dc1f9b3840 JavaThread "C1 CompilerThread0"         daemon [_thread_blocked, id=2860, stack(0x000000ac3b200000,0x000000ac3b300000) (1024K)]
  0x000001dc1f99da30 JavaThread "Common-Cleaner"             daemon [_thread_blocked, id=20356, stack(0x000000ac3b300000,0x000000ac3b400000) (1024K)]
  0x000001dc1f99ede0 JavaThread "Notification Thread"        daemon [_thread_blocked, id=2312, stack(0x000000ac3b400000,0x000000ac3b500000) (1024K)]
  0x000001dc1f99c680 JavaThread "Active Thread: Equinox Container: 007dba9f-0074-4e75-adb0-3fe090e67fe1"        [_thread_blocked, id=15560, stack(0x000000ac3bd00000,0x000000ac3be00000) (1024K)]
  0x000001dc1f99e0c0 JavaThread "Refresh Thread: Equinox Container: 007dba9f-0074-4e75-adb0-3fe090e67fe1" daemon [_thread_blocked, id=12684, stack(0x000000ac3bf00000,0x000000ac3c000000) (1024K)]
  0x000001dc1f99e750 JavaThread "Framework Event Dispatcher: Equinox Container: 007dba9f-0074-4e75-adb0-3fe090e67fe1" daemon [_thread_blocked, id=16792, stack(0x000000ac3c000000,0x000000ac3c100000) (1024K)]
  0x000001dc1f99bff0 JavaThread "Start Level: Equinox Container: 007dba9f-0074-4e75-adb0-3fe090e67fe1" daemon [_thread_blocked, id=14444, stack(0x000000ac3c100000,0x000000ac3c200000) (1024K)]
  0x000001dc1f99f470 JavaThread "Bundle File Closer"         daemon [_thread_blocked, id=19308, stack(0x000000ac3c200000,0x000000ac3c300000) (1024K)]
  0x000001dc67b8a940 JavaThread "SCR Component Actor"        daemon [_thread_blocked, id=19328, stack(0x000000ac3b600000,0x000000ac3b700000) (1024K)]
  0x000001dc67b89c20 JavaThread "Worker-JM"                         [_thread_blocked, id=18520, stack(0x000000ac3c400000,0x000000ac3c500000) (1024K)]
  0x000001dc67b881e0 JavaThread "JNA Cleaner"                daemon [_thread_blocked, id=16504, stack(0x000000ac3c600000,0x000000ac3c700000) (1024K)]
  0x000001dc67b87b50 JavaThread "Worker-0: Check JDK Index"         [_thread_blocked, id=6064, stack(0x000000ac3c700000,0x000000ac3c800000) (1024K)]
  0x000001dc67b8afd0 JavaThread "Worker-1"                          [_thread_blocked, id=18944, stack(0x000000ac3c800000,0x000000ac3c900000) (1024K)]
  0x000001dc67b88f00 JavaThread "Worker-2"                          [_thread_blocked, id=7484, stack(0x000000ac3c900000,0x000000ac3ca00000) (1024K)]
  0x000001dc67b8a2b0 JavaThread "Java indexing"              daemon [_thread_blocked, id=16152, stack(0x000000ac3ca00000,0x000000ac3cb00000) (1024K)]
  0x000001dc67b8b660 JavaThread "Worker-3"                          [_thread_blocked, id=10900, stack(0x000000ac3cb00000,0x000000ac3cc00000) (1024K)]
  0x000001dc67b8bcf0 JavaThread "Worker-4"                          [_thread_blocked, id=19024, stack(0x000000ac3cf00000,0x000000ac3d000000) (1024K)]
  0x000001dc67b8c380 JavaThread "Worker-5: Java indexing... "        [_thread_blocked, id=8800, stack(0x000000ac3d000000,0x000000ac3d100000) (1024K)]
  0x000001dc67b8ca10 JavaThread "Worker-6"                          [_thread_blocked, id=15252, stack(0x000000ac3d100000,0x000000ac3d200000) (1024K)]
  0x000001dc67b89590 JavaThread "Worker-7"                          [_thread_blocked, id=2632, stack(0x000000ac3d200000,0x000000ac3d300000) (1024K)]
  0x000001dc67b8ddc0 JavaThread "Thread-2"                   daemon [_thread_in_native, id=8932, stack(0x000000ac3d300000,0x000000ac3d400000) (1024K)]
  0x000001dc67b8d0a0 JavaThread "Thread-3"                   daemon [_thread_in_native, id=13104, stack(0x000000ac3d400000,0x000000ac3d500000) (1024K)]
  0x000001dc67b8eae0 JavaThread "Thread-4"                   daemon [_thread_in_native, id=12400, stack(0x000000ac3d500000,0x000000ac3d600000) (1024K)]
  0x000001dc67b8e450 JavaThread "Thread-5"                   daemon [_thread_in_native, id=18464, stack(0x000000ac3d600000,0x000000ac3d700000) (1024K)]
  0x000001dc67b8d730 JavaThread "Thread-6"                   daemon [_thread_in_native, id=17760, stack(0x000000ac3d700000,0x000000ac3d800000) (1024K)]
  0x000001dc69d81260 JavaThread "Thread-7"                   daemon [_thread_in_native, id=4076, stack(0x000000ac3d800000,0x000000ac3d900000) (1024K)]
  0x000001dc69d818f0 JavaThread "Thread-8"                   daemon [_thread_in_native, id=2848, stack(0x000000ac3d900000,0x000000ac3da00000) (1024K)]
  0x000001dc69d7f820 JavaThread "Thread-9"                   daemon [_thread_in_native, id=4676, stack(0x000000ac3da00000,0x000000ac3db00000) (1024K)]
  0x000001dc69d80540 JavaThread "Thread-10"                  daemon [_thread_in_native, id=20856, stack(0x000000ac3db00000,0x000000ac3dc00000) (1024K)]
  0x000001dc69d7feb0 JavaThread "pool-2-thread-1"                   [_thread_blocked, id=6848, stack(0x000000ac3dc00000,0x000000ac3dd00000) (1024K)]
  0x000001dc69d81f80 JavaThread "WorkspaceEventsHandler"            [_thread_blocked, id=17308, stack(0x000000ac3dd00000,0x000000ac3de00000) (1024K)]
  0x000001dc69d7eb00 JavaThread "pool-1-thread-1"                   [_thread_blocked, id=4420, stack(0x000000ac3de00000,0x000000ac3df00000) (1024K)]
  0x000001dc69d7f190 JavaThread "Worker-8"                          [_thread_blocked, id=18328, stack(0x000000ac3df00000,0x000000ac3e000000) (1024K)]
  0x000001dc6aa52960 JavaThread "LocalFile Deleter"          daemon [_thread_blocked, id=12812, stack(0x000000ac3c300000,0x000000ac3c400000) (1024K)]
  0x000001dc6aa53d10 JavaThread "LocalFile Deleter"          daemon [_thread_blocked, id=21348, stack(0x000000ac3e000000,0x000000ac3e100000) (1024K)]
  0x000001dc6aa543a0 JavaThread "LocalFile Deleter"          daemon [_thread_blocked, id=6880, stack(0x000000ac3e100000,0x000000ac3e200000) (1024K)]
  0x000001dc6aa54a30 JavaThread "LocalFile Deleter"          daemon [_thread_blocked, id=3880, stack(0x000000ac3e200000,0x000000ac3e300000) (1024K)]
  0x000001dc6aa515b0 JavaThread "LocalFile Deleter"          daemon [_thread_blocked, id=19504, stack(0x000000ac3e300000,0x000000ac3e400000) (1024K)]
  0x000001dc6aa56b00 JavaThread "LocalFile Deleter"          daemon [_thread_blocked, id=13204, stack(0x000000ac3e400000,0x000000ac3e500000) (1024K)]
  0x000001dc6aa55de0 JavaThread "LocalFile Deleter"          daemon [_thread_blocked, id=14088, stack(0x000000ac3e500000,0x000000ac3e600000) (1024K)]
  0x000001dc6aa57820 JavaThread "LocalFile Deleter"          daemon [_thread_blocked, id=13280, stack(0x000000ac3e600000,0x000000ac3e700000) (1024K)]
  0x000001dc6aa57190 JavaThread "Compiler Source File Reader" daemon [_thread_blocked, id=5392, stack(0x000000ac3e700000,0x000000ac3e800000) (1024K)]
  0x000001dc6aa57eb0 JavaThread "Compiler Source File Reader" daemon [_thread_blocked, id=3700, stack(0x000000ac3e800000,0x000000ac3e900000) (1024K)]
  0x000001dc6aa56470 JavaThread "Compiler Source File Reader" daemon [_thread_blocked, id=5208, stack(0x000000ac3e900000,0x000000ac3ea00000) (1024K)]
  0x000001dc6aa58540 JavaThread "Compiler Source File Reader" daemon [_thread_blocked, id=15392, stack(0x000000ac3ea00000,0x000000ac3eb00000) (1024K)]
  0x000001dc6aa550c0 JavaThread "Compiler Source File Reader" daemon [_thread_blocked, id=19720, stack(0x000000ac3eb00000,0x000000ac3ec00000) (1024K)]
  0x000001dc68532b90 JavaThread "Compiler Source File Reader" daemon [_thread_blocked, id=19012, stack(0x000000ac3ec00000,0x000000ac3ed00000) (1024K)]
  0x000001dc68531e70 JavaThread "Compiler Processing Task"   daemon [_thread_blocked, id=9964, stack(0x000000ac3ed00000,0x000000ac3ee00000) (1024K)]
  0x000001dc68534c60 JavaThread "Compiler Class File Writer" daemon [_thread_blocked, id=16460, stack(0x000000ac3ee00000,0x000000ac3ef00000) (1024K)]
  0x000001dc685317e0 JavaThread "Compiler Class File Writer" daemon [_thread_blocked, id=8276, stack(0x000000ac3ef00000,0x000000ac3f000000) (1024K)]
  0x000001dc68536010 JavaThread "Compiler Class File Writer" daemon [_thread_blocked, id=17644, stack(0x000000ac3f000000,0x000000ac3f100000) (1024K)]
  0x000001dc68535980 JavaThread "Compiler Class File Writer" daemon [_thread_blocked, id=20284, stack(0x000000ac3f100000,0x000000ac3f200000) (1024K)]
  0x000001dc68533220 JavaThread "Compiler Class File Writer" daemon [_thread_blocked, id=21292, stack(0x000000ac3f200000,0x000000ac3f300000) (1024K)]
  0x000001dc685366a0 JavaThread "Compiler Class File Writer" daemon [_thread_blocked, id=16216, stack(0x000000ac3f300000,0x000000ac3f400000) (1024K)]
Total: 62

Other Threads:
  0x000001dc06e11800 VMThread "VM Thread"                           [id=20888, stack(0x000000ac3aa00000,0x000000ac3ab00000) (1024K)]
  0x000001dc1f89cb20 WatcherThread "VM Periodic Task Thread"        [id=16784, stack(0x000000ac3a900000,0x000000ac3aa00000) (1024K)]
  0x000001dc06e11460 WorkerThread "GC Thread#0"                     [id=18440, stack(0x000000ac3a800000,0x000000ac3a900000) (1024K)]
  0x000001dc06e122e0 WorkerThread "GC Thread#1"                     [id=19064, stack(0x000000ac3b700000,0x000000ac3b800000) (1024K)]
  0x000001dc06e12680 WorkerThread "GC Thread#2"                     [id=14820, stack(0x000000ac3b800000,0x000000ac3b900000) (1024K)]
  0x000001dc675e9390 WorkerThread "GC Thread#3"                     [id=7880, stack(0x000000ac3b900000,0x000000ac3ba00000) (1024K)]
  0x000001dc675e7dd0 WorkerThread "GC Thread#4"                     [id=17120, stack(0x000000ac3ba00000,0x000000ac3bb00000) (1024K)]
  0x000001dc675e9730 WorkerThread "GC Thread#5"                     [id=10092, stack(0x000000ac3bb00000,0x000000ac3bc00000) (1024K)]
  0x000001dc675e7a30 WorkerThread "GC Thread#6"                     [id=18908, stack(0x000000ac3bc00000,0x000000ac3bd00000) (1024K)]
  0x000001dc675e9e70 WorkerThread "GC Thread#7"                     [id=17908, stack(0x000000ac3be00000,0x000000ac3bf00000) (1024K)]
Total: 10

Threads with active compile tasks:
C2 CompilerThread0  84484 15612 %s!   4       org.eclipse.jdt.internal.core.index.DiskIndex::readCategoryTable @ 260 (743 bytes)
Total: 1

VM state: at safepoint (normal execution)

VM Mutex/Monitor currently owned by a thread:  ([mutex/lock_event])
[0x00007ff9c0f5e308] Threads_lock - owner thread: 0x000001dc06e11800
[0x00007ff9c0f5e408] Heap_lock - owner thread: 0x000001dc67b8a2b0

Heap address: 0x0000000080000000, size: 2048 MB, Compressed Oops mode: 32-bit

CDS archive(s) mapped at: [0x000001dc20000000-0x000001dc20ba0000-0x000001dc20ba0000), size 12189696, SharedBaseAddress: 0x000001dc20000000, ArchiveRelocationMode: 1.
Compressed class space mapped at: 0x000001dc21000000-0x000001dc61000000, reserved size: 1073741824
Narrow klass base: 0x000001dc20000000, Narrow klass shift: 0, Narrow klass range: 0x100000000

GC Precious Log:
 CardTable entry size: 512
 CPUs: 8 total, 8 available
 Memory: 7970M
 Large Page Support: Disabled
 NUMA Support: Disabled
 Compressed Oops: Enabled (32-bit)
 Alignments: Space 512K, Generation 512K, Heap 2M
 Heap Min Capacity: 100M
 Heap Initial Capacity: 100M
 Heap Max Capacity: 2G
 Pre-touch: Disabled
 Parallel Workers: 8

Heap:
 PSYoungGen      total 4096K, used 3379K [0x00000000d5580000, 0x00000000d5b80000, 0x0000000100000000)
  eden space 3072K, 76% used [0x00000000d5580000,0x00000000d57ccf08,0x00000000d5880000)
  from space 1024K, 100% used [0x00000000d5a80000,0x00000000d5b80000,0x00000000d5b80000)
  to   space 1536K, 52% used [0x00000000d5900000,0x00000000d59c8000,0x00000000d5a80000)
 ParOldGen       total 955904K, used 955621K [0x0000000080000000, 0x00000000ba580000, 0x00000000d5580000)
  object space 955904K, 99% used [0x0000000080000000,0x00000000ba539758,0x00000000ba580000)
 Metaspace       used 66101K, committed 67584K, reserved 1114112K
  class space    used 6695K, committed 7360K, reserved 1048576K

Card table byte_map: [0x000001dc08a80000,0x000001dc08e90000] _byte_map_base: 0x000001dc08680000

Marking Bits: (ParMarkBitMap*) 0x00007ff9c0f631f0
 Begin Bits: [0x000001dc1b3c0000, 0x000001dc1d3c0000)
 End Bits:   [0x000001dc1d3c0000, 0x000001dc1f3c0000)

Polling page: 0x000001dc06f60000

Metaspace:

Usage:
  Non-class:     58.01 MB used.
      Class:      6.54 MB used.
       Both:     64.55 MB used.

Virtual space:
  Non-class space:       64.00 MB reserved,      58.81 MB ( 92%) committed,  1 nodes.
      Class space:        1.00 GB reserved,       7.19 MB ( <1%) committed,  1 nodes.
             Both:        1.06 GB reserved,      66.00 MB (  6%) committed. 

Chunk freelists:
   Non-Class:  4.80 MB
       Class:  8.62 MB
        Both:  13.42 MB

MaxMetaspaceSize: unlimited
CompressedClassSpaceSize: 1.00 GB
Initial GC threshold: 21.00 MB
Current GC threshold: 97.31 MB
CDS: on
 - commit_granule_bytes: 65536.
 - commit_granule_words: 8192.
 - virtual_space_node_default_size: 8388608.
 - enlarge_chunks_in_place: 1.
 - use_allocation_guard: 0.


Internal statistics:

num_allocs_failed_limit: 9.
num_arena_births: 1256.
num_arena_deaths: 22.
num_vsnodes_births: 2.
num_vsnodes_deaths: 0.
num_space_committed: 1056.
num_space_uncommitted: 0.
num_chunks_returned_to_freelist: 35.
num_chunks_taken_from_freelist: 4478.
num_chunk_merges: 16.
num_chunk_splits: 2689.
num_chunks_enlarged: 1457.
num_inconsistent_stats: 0.

CodeHeap 'non-profiled nmethods': size=120000Kb used=12687Kb max_used=12687Kb free=107312Kb
 bounds [0x000001dc13e90000, 0x000001dc14b00000, 0x000001dc1b3c0000]
CodeHeap 'profiled nmethods': size=120000Kb used=33731Kb max_used=33731Kb free=86269Kb
 bounds [0x000001dc0c3c0000, 0x000001dc0e4c0000, 0x000001dc138f0000]
CodeHeap 'non-nmethods': size=5760Kb used=1441Kb max_used=1584Kb free=4318Kb
 bounds [0x000001dc138f0000, 0x000001dc13b60000, 0x000001dc13e90000]
 total_blobs=15524 nmethods=14773 adapters=655
 compilation: enabled
              stopped_count=0, restarted_count=0
 full_count=0

Compilation events (20 events):
Event: 82.303 Thread 0x000001dc1f9b3840 15606   !   3       org.eclipse.jdt.internal.core.index.Index::getMetaIndexQualifications (152 bytes)
Event: 82.308 Thread 0x000001dc1f9b3840 nmethod 15606 0x000001dc0e4ac590 code [0x000001dc0e4ac880, 0x000001dc0e4adc28]
Event: 82.374 Thread 0x000001dc1f9aef60 nmethod 15603 0x000001dc14aec810 code [0x000001dc14aecac0, 0x000001dc14aedb10]
Event: 82.375 Thread 0x000001dc1f9aef60 15604   !   4       org.eclipse.jdt.internal.core.index.Index::query (203 bytes)
Event: 82.410 Thread 0x000001dc1f9aef60 nmethod 15604 0x000001dc14aee510 code [0x000001dc14aee6e0, 0x000001dc14aeec48]
Event: 82.411 Thread 0x000001dc1f9aef60 15607   !   4       org.eclipse.jdt.internal.core.search.indexing.IndexManager::updateMetaIndex (209 bytes)
Event: 82.484 Thread 0x000001dc1f9b3840 15609       3       org.eclipse.jdt.internal.core.index.FileIndexLocation::getInputStream (12 bytes)
Event: 82.485 Thread 0x000001dc1f9b3840 nmethod 15609 0x000001dc0e4ae710 code [0x000001dc0e4ae8c0, 0x000001dc0e4aea70]
Event: 82.485 Thread 0x000001dc1f9b3840 15610   !   3       java.io.FileInputStream::skip (27 bytes)
Event: 82.486 Thread 0x000001dc1f9b3840 nmethod 15610 0x000001dc0e4aeb10 code [0x000001dc0e4aece0, 0x000001dc0e4aef00]
Event: 82.499 Thread 0x000001dc1f9b3840 15611       3       org.eclipse.jdt.internal.compiler.util.HashtableOfIntValues::get (69 bytes)
Event: 82.500 Thread 0x000001dc1f9b3840 nmethod 15611 0x000001dc0e4af090 code [0x000001dc0e4af280, 0x000001dc0e4af708]
Event: 82.678 Thread 0x000001dc1f9aef60 nmethod 15607 0x000001dc14aef010 code [0x000001dc14aef560, 0x000001dc14af2370]
Event: 82.681 Thread 0x000001dc1f9aef60 15612 %s!   4       org.eclipse.jdt.internal.core.index.DiskIndex::readCategoryTable @ 260 (743 bytes)
Event: 82.702 Thread 0x000001dc1f9b3840 15613       3       org.eclipse.jdt.internal.compiler.util.SimpleSetOfCharArray::get (84 bytes)
Event: 82.704 Thread 0x000001dc1f9b3840 nmethod 15613 0x000001dc0e4afa10 code [0x000001dc0e4afc20, 0x000001dc0e4b01e0]
Event: 83.065 Thread 0x000001dc1f9b3840 15614       3       java.util.ArrayList::ensureCapacity (42 bytes)
Event: 83.066 Thread 0x000001dc1f9b3840 nmethod 15614 0x000001dc0e4b0490 code [0x000001dc0e4b0640, 0x000001dc0e4b0828]
Event: 83.587 Thread 0x000001dc1f9b3840 15617       3       org.eclipse.jdt.internal.core.index.IndexLocation::close (1 bytes)
Event: 83.587 Thread 0x000001dc1f9b3840 nmethod 15617 0x000001dc0e4b0910 code [0x000001dc0e4b0aa0, 0x000001dc0e4b0ba8]

GC Heap History (20 events):
Event: 82.651 GC heap before
{Heap before GC invocations=1455 (full 3):
 PSYoungGen      total 4608K, used 4432K [0x00000000d5580000, 0x00000000d5b80000, 0x0000000100000000)
  eden space 3072K, 100% used [0x00000000d5580000,0x00000000d5880000,0x00000000d5880000)
  from space 1536K, 88% used [0x00000000d5980000,0x00000000d5ad4008,0x00000000d5b00000)
  to   space 512K, 0% used [0x00000000d5b00000,0x00000000d5b00000,0x00000000d5b80000)
 ParOldGen       total 945664K, used 945259K [0x0000000080000000, 0x00000000b9b80000, 0x00000000d5580000)
  object space 945664K, 99% used [0x0000000080000000,0x00000000b9b1ac70,0x00000000b9b80000)
 Metaspace       used 66101K, committed 67584K, reserved 1114112K
  class space    used 6695K, committed 7360K, reserved 1048576K
}
Event: 82.664 GC heap after
{Heap after GC invocations=1455 (full 3):
 PSYoungGen      total 3584K, used 512K [0x00000000d5580000, 0x00000000d5d80000, 0x0000000100000000)
  eden space 3072K, 0% used [0x00000000d5580000,0x00000000d5580000,0x00000000d5880000)
  from space 512K, 100% used [0x00000000d5b00000,0x00000000d5b80000,0x00000000d5b80000)
  to   space 2560K, 0% used [0x00000000d5880000,0x00000000d5880000,0x00000000d5b00000)
 ParOldGen       total 947200K, used 947035K [0x0000000080000000, 0x00000000b9d00000, 0x00000000d5580000)
  object space 947200K, 99% used [0x0000000080000000,0x00000000b9cd6e78,0x00000000b9d00000)
 Metaspace       used 66101K, committed 67584K, reserved 1114112K
  class space    used 6695K, committed 7360K, reserved 1048576K
}
Event: 82.716 GC heap before
{Heap before GC invocations=1456 (full 3):
 PSYoungGen      total 3584K, used 3583K [0x00000000d5580000, 0x00000000d5d80000, 0x0000000100000000)
  eden space 3072K, 99% used [0x00000000d5580000,0x00000000d587ffd8,0x00000000d5880000)
  from space 512K, 100% used [0x00000000d5b00000,0x00000000d5b80000,0x00000000d5b80000)
  to   space 2560K, 0% used [0x00000000d5880000,0x00000000d5880000,0x00000000d5b00000)
 ParOldGen       total 947200K, used 947035K [0x0000000080000000, 0x00000000b9d00000, 0x00000000d5580000)
  object space 947200K, 99% used [0x0000000080000000,0x00000000b9cd6e78,0x00000000b9d00000)
 Metaspace       used 66101K, committed 67584K, reserved 1114112K
  class space    used 6695K, committed 7360K, reserved 1048576K
}
Event: 82.729 GC heap after
{Heap after GC invocations=1456 (full 3):
 PSYoungGen      total 5120K, used 1918K [0x00000000d5580000, 0x00000000d5c80000, 0x0000000100000000)
  eden space 3072K, 0% used [0x00000000d5580000,0x00000000d5580000,0x00000000d5880000)
  from space 2048K, 93% used [0x00000000d5880000,0x00000000d5a5fbe8,0x00000000d5a80000)
  to   space 2048K, 0% used [0x00000000d5a80000,0x00000000d5a80000,0x00000000d5c80000)
 ParOldGen       total 947712K, used 947352K [0x0000000080000000, 0x00000000b9d80000, 0x00000000d5580000)
  object space 947712K, 99% used [0x0000000080000000,0x00000000b9d26300,0x00000000b9d80000)
 Metaspace       used 66101K, committed 67584K, reserved 1114112K
  class space    used 6695K, committed 7360K, reserved 1048576K
}
Event: 82.900 GC heap before
{Heap before GC invocations=1457 (full 3):
 PSYoungGen      total 5120K, used 4990K [0x00000000d5580000, 0x00000000d5c80000, 0x0000000100000000)
  eden space 3072K, 100% used [0x00000000d5580000,0x00000000d5880000,0x00000000d5880000)
  from space 2048K, 93% used [0x00000000d5880000,0x00000000d5a5fbe8,0x00000000d5a80000)
  to   space 2048K, 0% used [0x00000000d5a80000,0x00000000d5a80000,0x00000000d5c80000)
 ParOldGen       total 947712K, used 947352K [0x0000000080000000, 0x00000000b9d80000, 0x00000000d5580000)
  object space 947712K, 99% used [0x0000000080000000,0x00000000b9d26300,0x00000000b9d80000)
 Metaspace       used 66101K, committed 67584K, reserved 1114112K
  class space    used 6695K, committed 7360K, reserved 1048576K
}
Event: 82.913 GC heap after
{Heap after GC invocations=1457 (full 3):
 PSYoungGen      total 4096K, used 1014K [0x00000000d5580000, 0x00000000d5b80000, 0x0000000100000000)
  eden space 3072K, 0% used [0x00000000d5580000,0x00000000d5580000,0x00000000d5880000)
  from space 1024K, 99% used [0x00000000d5a80000,0x00000000d5b7d810,0x00000000d5b80000)
  to   space 1536K, 0% used [0x00000000d5880000,0x00000000d5880000,0x00000000d5a00000)
 ParOldGen       total 948736K, used 948316K [0x0000000080000000, 0x00000000b9e80000, 0x00000000d5580000)
  object space 948736K, 99% used [0x0000000080000000,0x00000000b9e17010,0x00000000b9e80000)
 Metaspace       used 66101K, committed 67584K, reserved 1114112K
  class space    used 6695K, committed 7360K, reserved 1048576K
}
Event: 83.112 GC heap before
{Heap before GC invocations=1458 (full 3):
 PSYoungGen      total 4096K, used 4086K [0x00000000d5580000, 0x00000000d5b80000, 0x0000000100000000)
  eden space 3072K, 100% used [0x00000000d5580000,0x00000000d5880000,0x00000000d5880000)
  from space 1024K, 99% used [0x00000000d5a80000,0x00000000d5b7d810,0x00000000d5b80000)
  to   space 1536K, 0% used [0x00000000d5880000,0x00000000d5880000,0x00000000d5a00000)
 ParOldGen       total 948736K, used 948316K [0x0000000080000000, 0x00000000b9e80000, 0x00000000d5580000)
  object space 948736K, 99% used [0x0000000080000000,0x00000000b9e17010,0x00000000b9e80000)
 Metaspace       used 66101K, committed 67584K, reserved 1114112K
  class space    used 6695K, committed 7360K, reserved 1048576K
}
Event: 83.124 GC heap after
{Heap after GC invocations=1458 (full 3):
 PSYoungGen      total 4608K, used 960K [0x00000000d5580000, 0x00000000d5b80000, 0x0000000100000000)
  eden space 3072K, 0% used [0x00000000d5580000,0x00000000d5580000,0x00000000d5880000)
  from space 1536K, 62% used [0x00000000d5880000,0x00000000d5970000,0x00000000d5a00000)
  to   space 1536K, 0% used [0x00000000d5a00000,0x00000000d5a00000,0x00000000d5b80000)
 ParOldGen       total 949248K, used 949202K [0x0000000080000000, 0x00000000b9f00000, 0x00000000d5580000)
  object space 949248K, 99% used [0x0000000080000000,0x00000000b9ef4ad0,0x00000000b9f00000)
 Metaspace       used 66101K, committed 67584K, reserved 1114112K
  class space    used 6695K, committed 7360K, reserved 1048576K
}
Event: 83.297 GC heap before
{Heap before GC invocations=1459 (full 3):
 PSYoungGen      total 4608K, used 4032K [0x00000000d5580000, 0x00000000d5b80000, 0x0000000100000000)
  eden space 3072K, 100% used [0x00000000d5580000,0x00000000d5880000,0x00000000d5880000)
  from space 1536K, 62% used [0x00000000d5880000,0x00000000d5970000,0x00000000d5a00000)
  to   space 1536K, 0% used [0x00000000d5a00000,0x00000000d5a00000,0x00000000d5b80000)
 ParOldGen       total 949248K, used 949202K [0x0000000080000000, 0x00000000b9f00000, 0x00000000d5580000)
  object space 949248K, 99% used [0x0000000080000000,0x00000000b9ef4ad0,0x00000000b9f00000)
 Metaspace       used 66101K, committed 67584K, reserved 1114112K
  class space    used 6695K, committed 7360K, reserved 1048576K
}
Event: 83.311 GC heap after
{Heap after GC invocations=1459 (full 3):
 PSYoungGen      total 4608K, used 1028K [0x00000000d5580000, 0x00000000d5b80000, 0x0000000100000000)
  eden space 3072K, 0% used [0x00000000d5580000,0x00000000d5580000,0x00000000d5880000)
  from space 1536K, 66% used [0x00000000d5a00000,0x00000000d5b01010,0x00000000d5b80000)
  to   space 1536K, 0% used [0x00000000d5880000,0x00000000d5880000,0x00000000d5a00000)
 ParOldGen       total 950272K, used 950020K [0x0000000080000000, 0x00000000ba000000, 0x00000000d5580000)
  object space 950272K, 99% used [0x0000000080000000,0x00000000b9fc12e8,0x00000000ba000000)
 Metaspace       used 66101K, committed 67584K, reserved 1114112K
  class space    used 6695K, committed 7360K, reserved 1048576K
}
Event: 83.481 GC heap before
{Heap before GC invocations=1460 (full 3):
 PSYoungGen      total 4608K, used 4100K [0x00000000d5580000, 0x00000000d5b80000, 0x0000000100000000)
  eden space 3072K, 100% used [0x00000000d5580000,0x00000000d5880000,0x00000000d5880000)
  from space 1536K, 66% used [0x00000000d5a00000,0x00000000d5b01010,0x00000000d5b80000)
  to   space 1536K, 0% used [0x00000000d5880000,0x00000000d5880000,0x00000000d5a00000)
 ParOldGen       total 950272K, used 950020K [0x0000000080000000, 0x00000000ba000000, 0x00000000d5580000)
  object space 950272K, 99% used [0x0000000080000000,0x00000000b9fc12e8,0x00000000ba000000)
 Metaspace       used 66101K, committed 67584K, reserved 1114112K
  class space    used 6695K, committed 7360K, reserved 1048576K
}
Event: 83.496 GC heap after
{Heap after GC invocations=1460 (full 3):
 PSYoungGen      total 4096K, used 1010K [0x00000000d5580000, 0x00000000d5a80000, 0x0000000100000000)
  eden space 3072K, 0% used [0x00000000d5580000,0x00000000d5580000,0x00000000d5880000)
  from space 1024K, 98% used [0x00000000d5880000,0x00000000d597c808,0x00000000d5980000)
  to   space 1024K, 0% used [0x00000000d5980000,0x00000000d5980000,0x00000000d5a80000)
 ParOldGen       total 951296K, used 950964K [0x0000000080000000, 0x00000000ba100000, 0x00000000d5580000)
  object space 951296K, 99% used [0x0000000080000000,0x00000000ba0ad2e8,0x00000000ba100000)
 Metaspace       used 66101K, committed 67584K, reserved 1114112K
  class space    used 6695K, committed 7360K, reserved 1048576K
}
Event: 83.588 GC heap before
{Heap before GC invocations=1461 (full 3):
 PSYoungGen      total 4096K, used 4082K [0x00000000d5580000, 0x00000000d5a80000, 0x0000000100000000)
  eden space 3072K, 100% used [0x00000000d5580000,0x00000000d5880000,0x00000000d5880000)
  from space 1024K, 98% used [0x00000000d5880000,0x00000000d597c808,0x00000000d5980000)
  to   space 1024K, 0% used [0x00000000d5980000,0x00000000d5980000,0x00000000d5a80000)
 ParOldGen       total 951296K, used 950964K [0x0000000080000000, 0x00000000ba100000, 0x00000000d5580000)
  object space 951296K, 99% used [0x0000000080000000,0x00000000ba0ad2e8,0x00000000ba100000)
 Metaspace       used 66101K, committed 67584K, reserved 1114112K
  class space    used 6695K, committed 7360K, reserved 1048576K
}
Event: 83.599 GC heap after
{Heap after GC invocations=1461 (full 3):
 PSYoungGen      total 4096K, used 960K [0x00000000d5580000, 0x00000000d5a80000, 0x0000000100000000)
  eden space 3072K, 0% used [0x00000000d5580000,0x00000000d5580000,0x00000000d5880000)
  from space 1024K, 93% used [0x00000000d5980000,0x00000000d5a70000,0x00000000d5a80000)
  to   space 1024K, 0% used [0x00000000d5880000,0x00000000d5880000,0x00000000d5980000)
 ParOldGen       total 952320K, used 951860K [0x0000000080000000, 0x00000000ba200000, 0x00000000d5580000)
  object space 952320K, 99% used [0x0000000080000000,0x00000000ba18d328,0x00000000ba200000)
 Metaspace       used 66101K, committed 67584K, reserved 1114112K
  class space    used 6695K, committed 7360K, reserved 1048576K
}
Event: 83.724 GC heap before
{Heap before GC invocations=1462 (full 3):
 PSYoungGen      total 4096K, used 4032K [0x00000000d5580000, 0x00000000d5a80000, 0x0000000100000000)
  eden space 3072K, 100% used [0x00000000d5580000,0x00000000d5880000,0x00000000d5880000)
  from space 1024K, 93% used [0x00000000d5980000,0x00000000d5a70000,0x00000000d5a80000)
  to   space 1024K, 0% used [0x00000000d5880000,0x00000000d5880000,0x00000000d5980000)
 ParOldGen       total 952320K, used 951860K [0x0000000080000000, 0x00000000ba200000, 0x00000000d5580000)
  object space 952320K, 99% used [0x0000000080000000,0x00000000ba18d328,0x00000000ba200000)
 Metaspace       used 66101K, committed 67584K, reserved 1114112K
  class space    used 6695K, committed 7360K, reserved 1048576K
}
Event: 83.738 GC heap after
{Heap after GC invocations=1462 (full 3):
 PSYoungGen      total 4096K, used 1024K [0x00000000d5580000, 0x00000000d5d80000, 0x0000000100000000)
  eden space 3072K, 0% used [0x00000000d5580000,0x00000000d5580000,0x00000000d5880000)
  from space 1024K, 100% used [0x00000000d5880000,0x00000000d5980000,0x00000000d5980000)
  to   space 2560K, 0% used [0x00000000d5b00000,0x00000000d5b00000,0x00000000d5d80000)
 ParOldGen       total 953344K, used 952848K [0x0000000080000000, 0x00000000ba300000, 0x00000000d5580000)
  object space 953344K, 99% used [0x0000000080000000,0x00000000ba284158,0x00000000ba300000)
 Metaspace       used 66101K, committed 67584K, reserved 1114112K
  class space    used 6695K, committed 7360K, reserved 1048576K
}
Event: 83.907 GC heap before
{Heap before GC invocations=1463 (full 3):
 PSYoungGen      total 4096K, used 4096K [0x00000000d5580000, 0x00000000d5d80000, 0x0000000100000000)
  eden space 3072K, 100% used [0x00000000d5580000,0x00000000d5880000,0x00000000d5880000)
  from space 1024K, 100% used [0x00000000d5880000,0x00000000d5980000,0x00000000d5980000)
  to   space 2560K, 0% used [0x00000000d5b00000,0x00000000d5b00000,0x00000000d5d80000)
 ParOldGen       total 953344K, used 952848K [0x0000000080000000, 0x00000000ba300000, 0x00000000d5580000)
  object space 953344K, 99% used [0x0000000080000000,0x00000000ba284158,0x00000000ba300000)
 Metaspace       used 66101K, committed 67584K, reserved 1114112K
  class space    used 6695K, committed 7360K, reserved 1048576K
}
Event: 83.924 GC heap after
{Heap after GC invocations=1463 (full 3):
 PSYoungGen      total 4096K, used 960K [0x00000000d5580000, 0x00000000d5c00000, 0x0000000100000000)
  eden space 3072K, 0% used [0x00000000d5580000,0x00000000d5580000,0x00000000d5880000)
  from space 1024K, 93% used [0x00000000d5b00000,0x00000000d5bf0000,0x00000000d5c00000)
  to   space 1536K, 0% used [0x00000000d5900000,0x00000000d5900000,0x00000000d5a80000)
 ParOldGen       total 953856K, used 953637K [0x0000000080000000, 0x00000000ba380000, 0x00000000d5580000)
  object space 953856K, 99% used [0x0000000080000000,0x00000000ba349598,0x00000000ba380000)
 Metaspace       used 66101K, committed 67584K, reserved 1114112K
  class space    used 6695K, committed 7360K, reserved 1048576K
}
Event: 84.022 GC heap before
{Heap before GC invocations=1464 (full 3):
 PSYoungGen      total 4096K, used 4032K [0x00000000d5580000, 0x00000000d5c00000, 0x0000000100000000)
  eden space 3072K, 100% used [0x00000000d5580000,0x00000000d5880000,0x00000000d5880000)
  from space 1024K, 93% used [0x00000000d5b00000,0x00000000d5bf0000,0x00000000d5c00000)
  to   space 1536K, 0% used [0x00000000d5900000,0x00000000d5900000,0x00000000d5a80000)
 ParOldGen       total 953856K, used 953637K [0x0000000080000000, 0x00000000ba380000, 0x00000000d5580000)
  object space 953856K, 99% used [0x0000000080000000,0x00000000ba349598,0x00000000ba380000)
 Metaspace       used 66101K, committed 67584K, reserved 1114112K
  class space    used 6695K, committed 7360K, reserved 1048576K
}
Event: 84.035 GC heap after
{Heap after GC invocations=1464 (full 3):
 PSYoungGen      total 4608K, used 1120K [0x00000000d5580000, 0x00000000d5b80000, 0x0000000100000000)
  eden space 3072K, 0% used [0x00000000d5580000,0x00000000d5580000,0x00000000d5880000)
  from space 1536K, 72% used [0x00000000d5900000,0x00000000d5a18000,0x00000000d5a80000)
  to   space 1024K, 0% used [0x00000000d5a80000,0x00000000d5a80000,0x00000000d5b80000)
 ParOldGen       total 954880K, used 954457K [0x0000000080000000, 0x00000000ba480000, 0x00000000d5580000)
  object space 954880K, 99% used [0x0000000080000000,0x00000000ba4166d8,0x00000000ba480000)
 Metaspace       used 66101K, committed 67584K, reserved 1114112K
  class space    used 6695K, committed 7360K, reserved 1048576K
}

Dll operation events (10 events):
Event: 0.026 Loaded shared library c:\Users\USER\.cursor\extensions\redhat.java-1.43.1-win32-x64\jre\21.0.7-win32-x86_64\bin\java.dll
Event: 0.127 Loaded shared library c:\Users\USER\.cursor\extensions\redhat.java-1.43.1-win32-x64\jre\21.0.7-win32-x86_64\bin\zip.dll
Event: 0.168 Loaded shared library C:\Users\USER\.cursor\extensions\redhat.java-1.43.1-win32-x64\jre\21.0.7-win32-x86_64\bin\instrument.dll
Event: 0.181 Loaded shared library C:\Users\USER\.cursor\extensions\redhat.java-1.43.1-win32-x64\jre\21.0.7-win32-x86_64\bin\net.dll
Event: 0.192 Loaded shared library C:\Users\USER\.cursor\extensions\redhat.java-1.43.1-win32-x64\jre\21.0.7-win32-x86_64\bin\nio.dll
Event: 0.201 Loaded shared library C:\Users\USER\.cursor\extensions\redhat.java-1.43.1-win32-x64\jre\21.0.7-win32-x86_64\bin\zip.dll
Event: 0.241 Loaded shared library C:\Users\USER\.cursor\extensions\redhat.java-1.43.1-win32-x64\jre\21.0.7-win32-x86_64\bin\jimage.dll
Event: 0.374 Loaded shared library c:\Users\USER\.cursor\extensions\redhat.java-1.43.1-win32-x64\jre\21.0.7-win32-x86_64\bin\verify.dll
Event: 2.597 Loaded shared library C:\Users\USER\AppData\Roaming\Cursor\User\globalStorage\redhat.java\1.43.1\config_win\org.eclipse.equinox.launcher\org.eclipse.equinox.launcher.win32.win32.x86_64_1.2.1300.v20250331-1702\eclipse_11911.dll
Event: 5.019 Loaded shared library C:\Users\USER\AppData\Local\Temp\jna-2614219\jna10420844966906325490.dll

Deoptimization events (20 events):
Event: 81.369 Thread 0x000001dc67b8a2b0 Uncommon trap: trap_request=0xffffff45 fr.pc=0x000001dc14ae5520 relative=0x0000000000000460
Event: 81.369 Thread 0x000001dc67b8a2b0 Uncommon trap: reason=unstable_if action=reinterpret pc=0x000001dc14ae5520 method=org.eclipse.jdt.internal.core.index.DiskIndex.readStreamDocumentArray(Ljava/io/InputStream;I)[I @ 17 c2
Event: 81.369 Thread 0x000001dc67b8a2b0 DEOPT PACKING pc=0x000001dc14ae5520 sp=0x000000ac3cafef00
Event: 81.369 Thread 0x000001dc67b8a2b0 DEOPT UNPACKING pc=0x000001dc13943aa2 sp=0x000000ac3cafeeb0 mode 2
Event: 81.709 Thread 0x000001dc67b8a2b0 DEOPT PACKING pc=0x000001dc0ce306f1 sp=0x000000ac3cafed70
Event: 81.709 Thread 0x000001dc67b8a2b0 DEOPT UNPACKING pc=0x000001dc13944242 sp=0x000000ac3cafe3c8 mode 0
Event: 82.276 Thread 0x000001dc67b8a2b0 DEOPT PACKING pc=0x000001dc0e49a41c sp=0x000000ac3cafef70
Event: 82.276 Thread 0x000001dc67b8a2b0 DEOPT UNPACKING pc=0x000001dc13944242 sp=0x000000ac3cafe4e8 mode 0
Event: 82.280 Thread 0x000001dc67b8a2b0 DEOPT PACKING pc=0x000001dc0e4a2fc8 sp=0x000000ac3caff120
Event: 82.280 Thread 0x000001dc67b8a2b0 DEOPT UNPACKING pc=0x000001dc13944242 sp=0x000000ac3cafe610 mode 0
Event: 82.324 Thread 0x000001dc67b8a2b0 DEOPT PACKING pc=0x000001dc0e48ce2f sp=0x000000ac3caff1a0
Event: 82.324 Thread 0x000001dc67b8a2b0 DEOPT UNPACKING pc=0x000001dc13944242 sp=0x000000ac3cafe710 mode 0
Event: 82.360 Thread 0x000001dc67b8a2b0 DEOPT PACKING pc=0x000001dc0e49a41c sp=0x000000ac3cafef40
Event: 82.360 Thread 0x000001dc67b8a2b0 DEOPT UNPACKING pc=0x000001dc13944242 sp=0x000000ac3cafe4b8 mode 0
Event: 82.360 Thread 0x000001dc67b8a2b0 DEOPT PACKING pc=0x000001dc0e4a2fc8 sp=0x000000ac3caff0f0
Event: 82.360 Thread 0x000001dc67b8a2b0 DEOPT UNPACKING pc=0x000001dc13944242 sp=0x000000ac3cafe5c0 mode 0
Event: 82.491 Thread 0x000001dc67b8a2b0 DEOPT PACKING pc=0x000001dc0e48ce2f sp=0x000000ac3caff1a0
Event: 82.491 Thread 0x000001dc67b8a2b0 DEOPT UNPACKING pc=0x000001dc13944242 sp=0x000000ac3cafe710 mode 0
Event: 82.671 Thread 0x000001dc67b8a2b0 DEOPT PACKING pc=0x000001dc0e48ce2f sp=0x000000ac3caff1a0
Event: 82.671 Thread 0x000001dc67b8a2b0 DEOPT UNPACKING pc=0x000001dc13944242 sp=0x000000ac3cafe710 mode 0

Classes loaded (20 events):
Event: 32.413 Loading class sun/util/cldr/CLDRTimeZoneNameProviderImpl
Event: 32.414 Loading class sun/util/locale/provider/TimeZoneNameProviderImpl
Event: 32.414 Loading class sun/util/locale/provider/TimeZoneNameProviderImpl done
Event: 32.414 Loading class sun/util/cldr/CLDRTimeZoneNameProviderImpl done
Event: 32.420 Loading class sun/util/resources/cldr/TimeZoneNames
Event: 32.420 Loading class sun/util/resources/TimeZoneNamesBundle
Event: 32.420 Loading class sun/util/resources/OpenListResourceBundle
Event: 32.421 Loading class sun/util/resources/OpenListResourceBundle done
Event: 32.421 Loading class sun/util/resources/TimeZoneNamesBundle done
Event: 32.421 Loading class sun/util/resources/cldr/TimeZoneNames done
Event: 32.421 Loading class sun/util/resources/cldr/TimeZoneNames_en
Event: 32.423 Loading class sun/util/resources/cldr/TimeZoneNames_en done
Event: 32.424 Loading class sun/util/resources/cldr/TimeZoneNames_en_US
Event: 32.424 Loading class sun/util/resources/cldr/TimeZoneNames_en_US done
Event: 36.271 Loading class java/io/CharArrayWriter
Event: 36.271 Loading class java/io/CharArrayWriter done
Event: 37.825 Loading class jdk/internal/module/IllegalAccessLogger
Event: 37.825 Loading class jdk/internal/module/IllegalAccessLogger done
Event: 66.469 Loading class jdk/internal/module/IllegalAccessLogger
Event: 66.469 Loading class jdk/internal/module/IllegalAccessLogger done

Classes unloaded (11 events):
Event: 5.881 Thread 0x000001dc06e11800 Unloading class 0x000001dc211a4800 'java/lang/invoke/LambdaForm$MH+0x000001dc211a4800'
Event: 5.881 Thread 0x000001dc06e11800 Unloading class 0x000001dc211a4400 'java/lang/invoke/LambdaForm$MH+0x000001dc211a4400'
Event: 5.881 Thread 0x000001dc06e11800 Unloading class 0x000001dc211a4000 'java/lang/invoke/LambdaForm$MH+0x000001dc211a4000'
Event: 5.881 Thread 0x000001dc06e11800 Unloading class 0x000001dc211a3c00 'java/lang/invoke/LambdaForm$MH+0x000001dc211a3c00'
Event: 5.881 Thread 0x000001dc06e11800 Unloading class 0x000001dc211a3800 'java/lang/invoke/LambdaForm$BMH+0x000001dc211a3800'
Event: 5.881 Thread 0x000001dc06e11800 Unloading class 0x000001dc211a3400 'java/lang/invoke/LambdaForm$DMH+0x000001dc211a3400'
Event: 5.881 Thread 0x000001dc06e11800 Unloading class 0x000001dc211a2000 'java/lang/invoke/LambdaForm$DMH+0x000001dc211a2000'
Event: 24.726 Thread 0x000001dc06e11800 Unloading class 0x000001dc215d5000 'java/lang/invoke/LambdaForm$DMH+0x000001dc215d5000'
Event: 24.726 Thread 0x000001dc06e11800 Unloading class 0x000001dc215d5400 'java/lang/invoke/LambdaForm$DMH+0x000001dc215d5400'
Event: 24.726 Thread 0x000001dc06e11800 Unloading class 0x000001dc215d4c00 'java/lang/invoke/LambdaForm$DMH+0x000001dc215d4c00'
Event: 24.726 Thread 0x000001dc06e11800 Unloading class 0x000001dc215d4800 'java/lang/invoke/LambdaForm$DMH+0x000001dc215d4800'

Classes redefined (0 events):
No events

Internal exceptions (20 events):
Event: 74.231 Thread 0x000001dc67b8a2b0 Exception <a 'sun/nio/fs/WindowsException'{0x00000000d583bb80}> (0x00000000d583bb80) 
thrown [s\src\hotspot\share\prims\jni.cpp, line 520]
Event: 74.842 Thread 0x000001dc67b8a2b0 Exception <a 'sun/nio/fs/WindowsException'{0x00000000d5870590}> (0x00000000d5870590) 
thrown [s\src\hotspot\share\prims\jni.cpp, line 520]
Event: 75.441 Thread 0x000001dc67b8a2b0 Exception <a 'sun/nio/fs/WindowsException'{0x00000000d5998348}> (0x00000000d5998348) 
thrown [s\src\hotspot\share\prims\jni.cpp, line 520]
Event: 75.760 Thread 0x000001dc67b8a2b0 Exception <a 'sun/nio/fs/WindowsException'{0x00000000d57a28a0}> (0x00000000d57a28a0) 
thrown [s\src\hotspot\share\prims\jni.cpp, line 520]
Event: 76.300 Thread 0x000001dc67b8a2b0 Exception <a 'sun/nio/fs/WindowsException'{0x00000000d58cec68}> (0x00000000d58cec68) 
thrown [s\src\hotspot\share\prims\jni.cpp, line 520]
Event: 76.791 Thread 0x000001dc67b8a2b0 Exception <a 'sun/nio/fs/WindowsException'{0x00000000d564f1a0}> (0x00000000d564f1a0) 
thrown [s\src\hotspot\share\prims\jni.cpp, line 520]
Event: 77.443 Thread 0x000001dc67b8a2b0 Exception <a 'sun/nio/fs/WindowsException'{0x00000000d572a200}> (0x00000000d572a200) 
thrown [s\src\hotspot\share\prims\jni.cpp, line 520]
Event: 78.097 Thread 0x000001dc67b8a2b0 Exception <a 'sun/nio/fs/WindowsException'{0x00000000d56370e0}> (0x00000000d56370e0) 
thrown [s\src\hotspot\share\prims\jni.cpp, line 520]
Event: 78.447 Thread 0x000001dc67b8a2b0 Exception <a 'sun/nio/fs/WindowsException'{0x00000000d576a328}> (0x00000000d576a328) 
thrown [s\src\hotspot\share\prims\jni.cpp, line 520]
Event: 78.595 Thread 0x000001dc67b8a2b0 Exception <a 'sun/nio/fs/WindowsException'{0x00000000d58d3808}> (0x00000000d58d3808) 
thrown [s\src\hotspot\share\prims\jni.cpp, line 520]
Event: 78.754 Thread 0x000001dc67b8a2b0 Exception <a 'sun/nio/fs/WindowsException'{0x00000000d56fdba8}> (0x00000000d56fdba8) 
thrown [s\src\hotspot\share\prims\jni.cpp, line 520]
Event: 78.888 Thread 0x000001dc67b8a2b0 Exception <a 'sun/nio/fs/WindowsException'{0x00000000d571ddf8}> (0x00000000d571ddf8) 
thrown [s\src\hotspot\share\prims\jni.cpp, line 520]
Event: 78.980 Thread 0x000001dc67b8a2b0 Exception <a 'sun/nio/fs/WindowsException'{0x00000000d5763fa0}> (0x00000000d5763fa0) 
thrown [s\src\hotspot\share\prims\jni.cpp, line 520]
Event: 79.052 Thread 0x000001dc67b8a2b0 Exception <a 'sun/nio/fs/WindowsException'{0x00000000d5780870}> (0x00000000d5780870) 
thrown [s\src\hotspot\share\prims\jni.cpp, line 520]
Event: 79.208 Thread 0x000001dc67b8a2b0 Exception <a 'sun/nio/fs/WindowsException'{0x00000000d5941300}> (0x00000000d5941300) 
thrown [s\src\hotspot\share\prims\jni.cpp, line 520]
Event: 79.460 Thread 0x000001dc67b8a2b0 Exception <a 'sun/nio/fs/WindowsException'{0x00000000d5586308}> (0x00000000d5586308) 
thrown [s\src\hotspot\share\prims\jni.cpp, line 520]
Event: 79.976 Thread 0x000001dc67b8a2b0 Exception <a 'sun/nio/fs/WindowsException'{0x00000000d57695f0}> (0x00000000d57695f0) 
thrown [s\src\hotspot\share\prims\jni.cpp, line 520]
Event: 80.020 Thread 0x000001dc67b8a2b0 Exception <a 'sun/nio/fs/WindowsException'{0x00000000d58425a8}> (0x00000000d58425a8) 
thrown [s\src\hotspot\share\prims\jni.cpp, line 520]
Event: 80.148 Thread 0x000001dc67b8a2b0 Exception <a 'sun/nio/fs/WindowsException'{0x00000000d589c170}> (0x00000000d589c170) 
thrown [s\src\hotspot\share\prims\jni.cpp, line 520]
Event: 81.118 Thread 0x000001dc67b8a2b0 Exception <a 'sun/nio/fs/WindowsException'{0x00000000d55f3fe0}> (0x00000000d55f3fe0) 
thrown [s\src\hotspot\share\prims\jni.cpp, line 520]

ZGC Phase Switch (0 events):
No events

VM Operations (20 events):
Event: 82.651 Executing VM operation: ParallelGCFailedAllocation (Allocation Failure)
Event: 82.665 Executing VM operation: ParallelGCFailedAllocation (Allocation Failure) done
Event: 82.716 Executing VM operation: ParallelGCFailedAllocation (Allocation Failure)
Event: 82.730 Executing VM operation: ParallelGCFailedAllocation (Allocation Failure) done
Event: 82.900 Executing VM operation: ParallelGCFailedAllocation (Allocation Failure)
Event: 82.913 Executing VM operation: ParallelGCFailedAllocation (Allocation Failure) done
Event: 83.112 Executing VM operation: ParallelGCFailedAllocation (Allocation Failure)
Event: 83.124 Executing VM operation: ParallelGCFailedAllocation (Allocation Failure) done
Event: 83.297 Executing VM operation: ParallelGCFailedAllocation (Allocation Failure)
Event: 83.311 Executing VM operation: ParallelGCFailedAllocation (Allocation Failure) done
Event: 83.481 Executing VM operation: ParallelGCFailedAllocation (Allocation Failure)
Event: 83.496 Executing VM operation: ParallelGCFailedAllocation (Allocation Failure) done
Event: 83.588 Executing VM operation: ParallelGCFailedAllocation (Allocation Failure)
Event: 83.599 Executing VM operation: ParallelGCFailedAllocation (Allocation Failure) done
Event: 83.724 Executing VM operation: ParallelGCFailedAllocation (Allocation Failure)
Event: 83.738 Executing VM operation: ParallelGCFailedAllocation (Allocation Failure) done
Event: 83.907 Executing VM operation: ParallelGCFailedAllocation (Allocation Failure)
Event: 83.924 Executing VM operation: ParallelGCFailedAllocation (Allocation Failure) done
Event: 84.022 Executing VM operation: ParallelGCFailedAllocation (Allocation Failure)
Event: 84.035 Executing VM operation: ParallelGCFailedAllocation (Allocation Failure) done

Memory protections (0 events):
No events

Nmethod flushes (20 events):
Event: 24.770 Thread 0x000001dc06e11800 flushing  nmethod 0x000001dc0cbf2b10
Event: 24.770 Thread 0x000001dc06e11800 flushing  nmethod 0x000001dc0cc1b010
Event: 24.770 Thread 0x000001dc06e11800 flushing  nmethod 0x000001dc0cc3c210
Event: 24.770 Thread 0x000001dc06e11800 flushing osr nmethod 0x000001dc0cc4d790
Event: 24.770 Thread 0x000001dc06e11800 flushing  nmethod 0x000001dc0cc6de90
Event: 24.770 Thread 0x000001dc06e11800 flushing  nmethod 0x000001dc0cc94090
Event: 24.770 Thread 0x000001dc06e11800 flushing  nmethod 0x000001dc0cc96510
Event: 24.770 Thread 0x000001dc06e11800 flushing  nmethod 0x000001dc0cc97590
Event: 24.770 Thread 0x000001dc06e11800 flushing  nmethod 0x000001dc0cc9ef90
Event: 24.770 Thread 0x000001dc06e11800 flushing  nmethod 0x000001dc0ccb2210
Event: 24.770 Thread 0x000001dc06e11800 flushing  nmethod 0x000001dc0ccb8710
Event: 24.770 Thread 0x000001dc06e11800 flushing  nmethod 0x000001dc0ccc8190
Event: 24.770 Thread 0x000001dc06e11800 flushing  nmethod 0x000001dc0ccc9590
Event: 24.770 Thread 0x000001dc06e11800 flushing  nmethod 0x000001dc0ccc9e10
Event: 24.770 Thread 0x000001dc06e11800 flushing  nmethod 0x000001dc0cccd690
Event: 24.770 Thread 0x000001dc06e11800 flushing  nmethod 0x000001dc0cccdd90
Event: 24.770 Thread 0x000001dc06e11800 flushing  nmethod 0x000001dc0ccce890
Event: 24.770 Thread 0x000001dc06e11800 flushing  nmethod 0x000001dc0cce6c90
Event: 24.770 Thread 0x000001dc06e11800 flushing  nmethod 0x000001dc0cd22110
Event: 24.770 Thread 0x000001dc06e11800 flushing  nmethod 0x000001dc0cd38790

Events (20 events):
Event: 55.997 Thread 0x000001dc67b8afd0 Thread added: 0x000001dc68538e00
Event: 56.847 Thread 0x000001dc68292f80 Thread exited: 0x000001dc68292f80
Event: 56.847 Thread 0x000001dc682943f0 Thread exited: 0x000001dc682943f0
Event: 57.153 Thread 0x000001dc1f9b3840 Thread added: 0x000001dc68292f80
Event: 57.609 Thread 0x000001dc68538e00 Thread exited: 0x000001dc68538e00
Event: 57.609 Thread 0x000001dc68537a50 Thread exited: 0x000001dc68537a50
Event: 57.609 Thread 0x000001dc68538770 Thread exited: 0x000001dc68538770
Event: 57.610 Thread 0x000001dc68536d30 Thread exited: 0x000001dc68536d30
Event: 57.610 Thread 0x000001dc685345d0 Thread exited: 0x000001dc685345d0
Event: 58.226 Thread 0x000001dc68292f80 Thread exited: 0x000001dc68292f80
Event: 65.571 Thread 0x000001dc1f9aef60 Thread added: 0x000001dc682943f0
Event: 65.612 Thread 0x000001dc1f9b3840 Thread added: 0x000001dc68292f80
Event: 65.856 Thread 0x000001dc68292f80 Thread exited: 0x000001dc68292f80
Event: 65.926 Thread 0x000001dc682943f0 Thread exited: 0x000001dc682943f0
Event: 66.128 Thread 0x000001dc1f9b3840 Thread added: 0x000001dc682943f0
Event: 66.726 Thread 0x000001dc1f9b3840 Thread added: 0x000001dc68295f30
Event: 67.633 Thread 0x000001dc68295f30 Thread exited: 0x000001dc68295f30
Event: 67.633 Thread 0x000001dc682943f0 Thread exited: 0x000001dc682943f0
Event: 81.306 Thread 0x000001dc1f9aef60 Thread added: 0x000001dc68292f80
Event: 81.506 Thread 0x000001dc68292f80 Thread exited: 0x000001dc68292f80


Dynamic libraries:
0x00007ff797db0000 - 0x00007ff797dbe000 	c:\Users\USER\.cursor\extensions\redhat.java-1.43.1-win32-x64\jre\21.0.7-win32-x86_64\bin\java.exe
0x00007ffa8db60000 - 0x00007ffa8ddc7000 	C:\WINDOWS\SYSTEM32\ntdll.dll
0x00007ffa65e20000 - 0x00007ffa65e40000 	C:\Program Files\Avast Software\Avast\aswhook.dll
0x00007ffa8d0b0000 - 0x00007ffa8d179000 	C:\WINDOWS\System32\KERNEL32.DLL
0x00007ffa8b450000 - 0x00007ffa8b840000 	C:\WINDOWS\System32\KERNELBASE.dll
0x00007ffa8ac90000 - 0x00007ffa8addb000 	C:\WINDOWS\System32\ucrtbase.dll
0x00007ff9d8670000 - 0x00007ff9d8688000 	c:\Users\USER\.cursor\extensions\redhat.java-1.43.1-win32-x64\jre\21.0.7-win32-x86_64\bin\jli.dll
0x00007ff9e6b90000 - 0x00007ff9e6bae000 	c:\Users\USER\.cursor\extensions\redhat.java-1.43.1-win32-x64\jre\21.0.7-win32-x86_64\bin\VCRUNTIME140.dll
0x00007ffa8c280000 - 0x00007ffa8c445000 	C:\WINDOWS\System32\USER32.dll
0x00007ffa655a0000 - 0x00007ffa6583a000 	C:\WINDOWS\WinSxS\amd64_microsoft.windows.common-controls_6595b64144ccf1df_6.0.26100.4768_none_3e0c112ce331287c\COMCTL32.dll
0x00007ffa8b130000 - 0x00007ffa8b157000 	C:\WINDOWS\System32\win32u.dll
0x00007ffa8d080000 - 0x00007ffa8d0ab000 	C:\WINDOWS\System32\GDI32.dll
0x00007ffa8cf50000 - 0x00007ffa8cff9000 	C:\WINDOWS\System32\msvcrt.dll
0x00007ffa8ade0000 - 0x00007ffa8af18000 	C:\WINDOWS\System32\gdi32full.dll
0x00007ffa8b220000 - 0x00007ffa8b2c3000 	C:\WINDOWS\System32\msvcp_win.dll
0x00007ffa8d7e0000 - 0x00007ffa8d80f000 	C:\WINDOWS\System32\IMM32.DLL
0x00007ffa5eeb0000 - 0x00007ffa5eebc000 	c:\Users\USER\.cursor\extensions\redhat.java-1.43.1-win32-x64\jre\21.0.7-win32-x86_64\bin\vcruntime140_1.dll
0x00007ff9c8240000 - 0x00007ff9c82cd000 	c:\Users\USER\.cursor\extensions\redhat.java-1.43.1-win32-x64\jre\21.0.7-win32-x86_64\bin\msvcp140.dll
0x00007ff9c02b0000 - 0x00007ff9c1040000 	c:\Users\USER\.cursor\extensions\redhat.java-1.43.1-win32-x64\jre\21.0.7-win32-x86_64\bin\server\jvm.dll
0x00007ffa8b940000 - 0x00007ffa8b9f4000 	C:\WINDOWS\System32\ADVAPI32.dll
0x00007ffa8d180000 - 0x00007ffa8d226000 	C:\WINDOWS\System32\sechost.dll
0x00007ffa8ba00000 - 0x00007ffa8bb18000 	C:\WINDOWS\System32\RPCRT4.dll
0x00007ffa8d350000 - 0x00007ffa8d3c4000 	C:\WINDOWS\System32\WS2_32.dll
0x00007ffa8ab10000 - 0x00007ffa8ab6e000 	C:\WINDOWS\SYSTEM32\POWRPROF.dll
0x00007ffa80260000 - 0x00007ffa8026b000 	C:\WINDOWS\SYSTEM32\VERSION.dll
0x00007ffa65840000 - 0x00007ffa65875000 	C:\WINDOWS\SYSTEM32\WINMM.dll
0x00007ffa8aaf0000 - 0x00007ffa8ab04000 	C:\WINDOWS\SYSTEM32\UMPDC.dll
0x00007ffa899d0000 - 0x00007ffa899eb000 	C:\WINDOWS\SYSTEM32\kernel.appcore.dll
0x00007ffa38140000 - 0x00007ffa3814a000 	c:\Users\USER\.cursor\extensions\redhat.java-1.43.1-win32-x64\jre\21.0.7-win32-x86_64\bin\jimage.dll
0x00007ffa88450000 - 0x00007ffa88691000 	C:\WINDOWS\SYSTEM32\DBGHELP.DLL
0x00007ffa8d440000 - 0x00007ffa8d7c5000 	C:\WINDOWS\System32\combase.dll
0x00007ffa8d230000 - 0x00007ffa8d310000 	C:\WINDOWS\System32\OLEAUT32.dll
0x00007ffa78960000 - 0x00007ffa789a3000 	C:\WINDOWS\SYSTEM32\dbgcore.DLL
0x00007ffa8b850000 - 0x00007ffa8b8e9000 	C:\WINDOWS\System32\bcryptPrimitives.dll
0x00007ffa03280000 - 0x00007ffa0328f000 	c:\Users\USER\.cursor\extensions\redhat.java-1.43.1-win32-x64\jre\21.0.7-win32-x86_64\bin\instrument.dll
0x00007ff9d8650000 - 0x00007ff9d866f000 	c:\Users\USER\.cursor\extensions\redhat.java-1.43.1-win32-x64\jre\21.0.7-win32-x86_64\bin\java.dll
0x00007ffa8bb20000 - 0x00007ffa8c26d000 	C:\WINDOWS\System32\SHELL32.dll
0x00007ffa8b2d0000 - 0x00007ffa8b443000 	C:\WINDOWS\System32\wintypes.dll
0x00007ffa88830000 - 0x00007ffa8908f000 	C:\WINDOWS\SYSTEM32\windows.storage.dll
0x00007ffa8d820000 - 0x00007ffa8d915000 	C:\WINDOWS\System32\SHCORE.dll
0x00007ffa8d3d0000 - 0x00007ffa8d43a000 	C:\WINDOWS\System32\shlwapi.dll
0x00007ffa8abb0000 - 0x00007ffa8abd9000 	C:\WINDOWS\SYSTEM32\profapi.dll
0x00007ffa38170000 - 0x00007ffa38188000 	c:\Users\USER\.cursor\extensions\redhat.java-1.43.1-win32-x64\jre\21.0.7-win32-x86_64\bin\zip.dll
0x00007ffa380a0000 - 0x00007ffa380b0000 	C:\Users\USER\.cursor\extensions\redhat.java-1.43.1-win32-x64\jre\21.0.7-win32-x86_64\bin\net.dll
0x00007ffa80520000 - 0x00007ffa8063e000 	C:\WINDOWS\SYSTEM32\WINHTTP.dll
0x00007ffa89f40000 - 0x00007ffa89fab000 	C:\WINDOWS\system32\mswsock.dll
0x00007ffa38080000 - 0x00007ffa38096000 	C:\Users\USER\.cursor\extensions\redhat.java-1.43.1-win32-x64\jre\21.0.7-win32-x86_64\bin\nio.dll
0x00007ffa38070000 - 0x00007ffa38080000 	c:\Users\USER\.cursor\extensions\redhat.java-1.43.1-win32-x64\jre\21.0.7-win32-x86_64\bin\verify.dll
0x00007ffa38020000 - 0x00007ffa38065000 	C:\Users\USER\AppData\Roaming\Cursor\User\globalStorage\redhat.java\1.43.1\config_win\org.eclipse.equinox.launcher\org.eclipse.equinox.launcher.win32.win32.x86_64_1.2.1300.v20250331-1702\eclipse_11911.dll
0x00007ffa8cda0000 - 0x00007ffa8cf40000 	C:\WINDOWS\System32\ole32.dll
0x00007ffa8a320000 - 0x00007ffa8a33b000 	C:\WINDOWS\SYSTEM32\CRYPTSP.dll
0x00007ffa89930000 - 0x00007ffa8996b000 	C:\WINDOWS\system32\rsaenh.dll
0x00007ffa89fe0000 - 0x00007ffa8a00b000 	C:\WINDOWS\SYSTEM32\USERENV.dll
0x00007ffa8ab80000 - 0x00007ffa8aba6000 	C:\WINDOWS\SYSTEM32\bcrypt.dll
0x00007ffa8a180000 - 0x00007ffa8a18c000 	C:\WINDOWS\SYSTEM32\CRYPTBASE.dll
0x00007ffa893c0000 - 0x00007ffa893f3000 	C:\WINDOWS\SYSTEM32\IPHLPAPI.DLL
0x00007ffa8cba0000 - 0x00007ffa8cbaa000 	C:\WINDOWS\System32\NSI.dll
0x00007ff9dbee0000 - 0x00007ff9dbf29000 	C:\Users\USER\AppData\Local\Temp\jna-2614219\jna10420844966906325490.dll
0x00007ffa8d7d0000 - 0x00007ffa8d7d8000 	C:\WINDOWS\System32\PSAPI.DLL
0x00007ffa83af0000 - 0x00007ffa83b0f000 	C:\WINDOWS\SYSTEM32\dhcpcsvc6.DLL
0x00007ffa83870000 - 0x00007ffa83895000 	C:\WINDOWS\SYSTEM32\dhcpcsvc.DLL
0x00007ffa89b00000 - 0x00007ffa89b36000 	C:\WINDOWS\SYSTEM32\ntmarta.dll

dbghelp: loaded successfully - version: 4.0.5 - missing functions: none
symbol engine: initialized successfully - sym options: 0x614 - pdb path: .;c:\Users\USER\.cursor\extensions\redhat.java-1.43.1-win32-x64\jre\21.0.7-win32-x86_64\bin;C:\WINDOWS\SYSTEM32;C:\Program Files\Avast Software\Avast;C:\WINDOWS\WinSxS\amd64_microsoft.windows.common-controls_6595b64144ccf1df_6.0.26100.4768_none_3e0c112ce331287c;c:\Users\USER\.cursor\extensions\redhat.java-1.43.1-win32-x64\jre\21.0.7-win32-x86_64\bin\server;C:\Users\USER\AppData\Roaming\Cursor\User\globalStorage\redhat.java\1.43.1\config_win\org.eclipse.equinox.launcher\org.eclipse.equinox.launcher.win32.win32.x86_64_1.2.1300.v20250331-1702;C:\Users\USER\AppData\Local\Temp\jna-2614219

VM Arguments:
jvm_args: --add-modules=ALL-SYSTEM --add-opens=java.base/java.util=ALL-UNNAMED --add-opens=java.base/java.lang=ALL-UNNAMED --add-opens=java.base/sun.nio.fs=ALL-UNNAMED -Declipse.application=org.eclipse.jdt.ls.core.id1 -Dosgi.bundles.defaultStartLevel=4 -Declipse.product=org.eclipse.jdt.ls.core.product -Djava.import.generatesMetadataFilesAtProjectRoot=false -DDetectVMInstallationsJob.disabled=true -Dfile.encoding=utf8 -XX:+UseParallelGC -XX:GCTimeRatio=4 -XX:AdaptiveSizePolicyWeight=90 -Dsun.zip.disableMemoryMapping=true -Xmx2G -Xms100m -Xlog:disable -javaagent:c:\Users\USER\.cursor\extensions\redhat.java-1.43.1-win32-x64\lombok\lombok-1.18.39-4050.jar -XX:+HeapDumpOnOutOfMemoryError -XX:HeapDumpPath=c:\Users\USER\AppData\Roaming\Cursor\User\workspaceStorage\a409cf2a2b3f08980975c45b2b5a4642\redhat.java -Daether.dependencyCollector.impl=bf 
java_command: c:\Users\USER\.cursor\extensions\redhat.java-1.43.1-win32-x64\server\plugins\org.eclipse.equinox.launcher_1.7.0.v20250519-0528.jar -configuration c:\Users\USER\AppData\Roaming\Cursor\User\globalStorage\redhat.java\1.43.1\config_win -data c:\Users\USER\AppData\Roaming\Cursor\User\workspaceStorage\a409cf2a2b3f08980975c45b2b5a4642\redhat.java\jdt_ws --pipe=\\.\pipe\lsp-75b5874db87d108052487c8499d37300-sock
java_class_path (initial): c:\Users\USER\.cursor\extensions\redhat.java-1.43.1-win32-x64\server\plugins\org.eclipse.equinox.launcher_1.7.0.v20250519-0528.jar
Launcher Type: SUN_STANDARD

[Global flags]
    uintx AdaptiveSizePolicyWeight                 = 90                                        {product} {command line}
     intx CICompilerCount                          = 4                                         {product} {ergonomic}
    uintx GCTimeRatio                              = 4                                         {product} {command line}
     bool HeapDumpOnOutOfMemoryError               = true                                   {manageable} {command line}
    ccstr HeapDumpPath                             = c:\Users\USER\AppData\Roaming\Cursor\User\workspaceStorage\a409cf2a2b3f08980975c45b2b5a4642\redhat.java         {manageable} {command line}
   size_t InitialHeapSize                          = 104857600                                 {product} {command line}
   size_t MaxHeapSize                              = 2147483648                                {product} {command line}
   size_t MaxNewSize                               = 715653120                                 {product} {ergonomic}
   size_t MinHeapDeltaBytes                        = 524288                                    {product} {ergonomic}
   size_t MinHeapSize                              = 104857600                                 {product} {command line}
   size_t NewSize                                  = 34603008                                  {product} {ergonomic}
    uintx NonNMethodCodeHeapSize                   = 5839372                                {pd product} {ergonomic}
    uintx NonProfiledCodeHeapSize                  = 122909434                              {pd product} {ergonomic}
   size_t OldSize                                  = 70254592                                  {product} {ergonomic}
    uintx ProfiledCodeHeapSize                     = 122909434                              {pd product} {ergonomic}
    uintx ReservedCodeCacheSize                    = 251658240                              {pd product} {ergonomic}
     bool SegmentedCodeCache                       = true                                      {product} {ergonomic}
   size_t SoftMaxHeapSize                          = 2147483648                             {manageable} {ergonomic}
     bool UseCompressedOops                        = true                           {product lp64_product} {ergonomic}
     bool UseLargePagesIndividualAllocation        = false                                  {pd product} {ergonomic}
     bool UseParallelGC                            = true                                      {product} {command line}

Logging:
Log output configuration:
 #0: stdout all=off uptime,level,tags foldmultilines=false
 #1: stderr all=off uptime,level,tags foldmultilines=false

Environment Variables:
PATH=c:\Users\USER\AppData\Local\Programs\cursor\resources\app\bin;C:\Users\USER\AppData\Local\Android\Sdk\platform-tools;C:\Program Files (x86)\VMware\VMware Workstation\bin\;C:\Program Files\Common Files\Oracle\Java\javapath;C:\WINDOWS\system32;C:\WINDOWS;C:\WINDOWS\System32\Wbem;C:\WINDOWS\System32\WindowsPowerShell\v1.0\;C:\WINDOWS\System32\OpenSSH\;C:\Program Files\dotnet\;C:\Program Files (x86)\Microsoft SQL Server\160\DTS\Binn\;C:\Program Files (x86)\Microsoft SQL Server\160\Tools\Binn\;C:\Program Files\Microsoft SQL Server\160\Tools\Binn\;C:\Program Files\Microsoft SQL Server\Client SDK\ODBC\170\Tools\Binn\;C:\Program Files\Microsoft SQL Server\160\DTS\Binn\;C:\Program Files\MySQL\MySQL Server 8.0\bin;C:\Program Files\nodejs\;C:\Program Files\Git\cmd;C:\Program Files\MySQL\MySQL Shell 8.0\bin\;C:\Users\USER\AppData\Local\Microsoft\WindowsApps;C:\flutter\bin;C:\Users\USER\.dotnet\tools;C:\Program Files\JetBrains\IntelliJ IDEA 2025.1.2\bin;;C:\Users\USER\AppData\Roaming\npm;C:\Users\USER\AppData\Local\GitHub;C:\Program Files\MySQL\MySQL Shell 8.0\bin\;C:\Users\USER\AppData\Local\Microsoft\WindowsApps;C:\Users\USER\AppData\Local\Programs\Microsoft VS Code\bin;C:\flutter\bin;C:\Users\USER\.dotnet\tools;C:\Program Files\JetBrains\IntelliJ IDEA 2025.1.2\bin;;C:\Users\USER\AppData\Roaming\npm;C:\Users\USER\AppData\Local\GitHubDesktop\bin;C:\Users\USER\AppData\Local\Programs\cursor\resources\app\bin
USERNAME=USER
OS=Windows_NT
PROCESSOR_IDENTIFIER=Intel64 Family 6 Model 142 Stepping 12, GenuineIntel
TMP=C:\Users\USER\AppData\Local\Temp
TEMP=C:\Users\USER\AppData\Local\Temp




Periodic native trim disabled

---------------  S Y S T E M  ---------------

OS:
 Windows 11 , 64 bit Build 26100 (10.0.26100.4768)
OS uptime: 0 days 2:16 hours
Hyper-V role detected

CPU: total 8 (initial active 8) (4 cores per cpu, 2 threads per core) family 6 model 142 stepping 12 microcode 0xfc, cx8, cmov, fxsr, ht, mmx, 3dnowpref, sse, sse2, sse3, ssse3, sse4.1, sse4.2, popcnt, lzcnt, tsc, tscinvbit, avx, avx2, aes, erms, clmul, bmi1, bmi2, adx, fma, vzeroupper, clflush, clflushopt, hv, rdtscp, f16c
Processor Information for the first 8 processors :
  Max Mhz: 2112, Current Mhz: 1910, Mhz Limit: 1900

Memory: 4k page, system-wide physical 7970M (657M free)
TotalPageFile size 15593M (AvailPageFile size 2M)
current process WorkingSet (physical memory assigned to process): 1239M, peak: 1239M
current process commit charge ("private bytes"): 1251M, peak: 1683M

vm_info: OpenJDK 64-Bit Server VM (21.0.7+6-LTS) for windows-amd64 JRE (21.0.7+6-LTS), built on 2025-04-15T00:00:00Z by "admin" with MS VC++ 17.7 (VS2022)

END.
