#
# There is insufficient memory for the Java Runtime Environment to continue.
# Native memory allocation (mmap) failed to map 132120576 bytes. Error detail: G1 virtual space
# Possible reasons:
#   The system is out of physical RAM or swap space
#   This process is running with CompressedOops enabled, and the Java Heap may be blocking the growth of the native heap
# Possible solutions:
#   Reduce memory load on the system
#   Increase physical memory or swap space
#   Check if swap backing store is full
#   Decrease Java heap size (-Xmx/-Xms)
#   Decrease number of Java threads
#   Decrease Java thread stack sizes (-Xss)
#   Set larger code cache with -XX:ReservedCodeCacheSize=
#   JVM is running with Unscaled Compressed Oops mode in which the Java heap is
#     placed in the first 4GB address space. The Java Heap base address is the
#     maximum limit for the native heap growth. Please use -XX:HeapBaseMinAddress
#     to set the Java Heap base and to place the Java Heap above 4GB virtual address.
# This output file may be truncated or incomplete.
#
#  Out of Memory Error (os_windows.cpp:3564), pid=11960, tid=18428
#
# JRE version:  (24.0.1+9) (build )
# Java VM: Java HotSpot(TM) 64-Bit Server VM (24.0.1+9-30, mixed mode, sharing, tiered, compressed oops, compressed class ptrs, g1 gc, windows-amd64)
# No core dump will be written. Minidumps are not enabled by default on client versions of Windows
#

---------------  S U M M A R Y ------------

Command Line: 

Host: Intel(R) Core(TM) i7-8665U CPU @ 1.90GHz, 8 cores, 7G,  Windows 11 , 64 bit Build 26100 (10.0.26100.4768)
Time: Sun Jul 27 22:47:05 2025 Pacific Daylight Time elapsed time: 0.161056 seconds (0d 0h 0m 0s)

---------------  T H R E A D  ---------------

Current thread (0x000002af61ac59c0):  JavaThread "Unknown thread" [_thread_in_vm, id=18428, stack(0x000000dcabe00000,0x000000dcabf00000) (1024K)]

Stack: [0x000000dcabe00000,0x000000dcabf00000]
Native frames: (J=compiled Java code, j=interpreted, Vv=VM code, C=native code)
V  [jvm.dll+0x730739]  (no source info available)
V  [jvm.dll+0x8d9b23]  (no source info available)
V  [jvm.dll+0x8dc00d]  (no source info available)
V  [jvm.dll+0x8dc683]  (no source info available)
V  [jvm.dll+0x2aa086]  (no source info available)
V  [jvm.dll+0x72cc65]  (no source info available)
V  [jvm.dll+0x72059a]  (no source info available)
V  [jvm.dll+0x390cea]  (no source info available)
V  [jvm.dll+0x3989f6]  (no source info available)
V  [jvm.dll+0x38523e]  (no source info available)
V  [jvm.dll+0x3854f8]  (no source info available)
V  [jvm.dll+0x35d0cc]  (no source info available)
V  [jvm.dll+0x35dd8d]  (no source info available)
V  [jvm.dll+0x89d28f]  (no source info available)
V  [jvm.dll+0x3f985d]  (no source info available)
V  [jvm.dll+0x8858e6]  (no source info available)
V  [jvm.dll+0x495f3e]  (no source info available)
V  [jvm.dll+0x497d11]  (no source info available)
C  [jli.dll+0x52a1]  (no source info available)
C  [ucrtbase.dll+0x37b0]  (no source info available)
C  [KERNEL32.DLL+0x2e8d7]  (no source info available)
C  [ntdll.dll+0x3c34c]  (no source info available)

Lock stack of current Java thread (top to bottom):


---------------  P R O C E S S  ---------------

Threads class SMR info:
_java_thread_list=0x00007ff9d6b5f318, length=0, elements={
}

Java Threads: ( => current thread )
Total: 0

Other Threads:
  0x000002af63eb8b10 WorkerThread "GC Thread#0"                     [id=17144, stack(0x000000dcabf00000,0x000000dcac000000) (1024K)]
  0x000002af63ece2b0 ConcurrentGCThread "G1 Main Marker"            [id=9900, stack(0x000000dcac000000,0x000000dcac100000) (1024K)]
  0x000002af63ecf560 WorkerThread "G1 Conc#0"                       [id=476, stack(0x000000dcac100000,0x000000dcac200000) (1024K)]

[error occurred during error reporting (printing all threads), id 0xc0000005, EXCEPTION_ACCESS_VIOLATION (0xc0000005) at pc=0x00007ff9d62914ea]
VM state: not at safepoint (not fully initialized)

VM Mutex/Monitor currently owned by a thread:  ([mutex/lock_event])
[0x00007ff9d6be45b0] Heap_lock - owner thread: 0x000002af61ac59c0

Heap address: 0x0000000083600000, size: 1994 MB, Compressed Oops mode: 32-bit

CDS archive(s) mapped at: [0x0000000000000000-0x0000000000000000-0x0000000000000000), size 0, SharedBaseAddress: 0x0000000800000000, ArchiveRelocationMode: 1.
UseCompressedClassPointers 1, UseCompactObjectHeaders 0
Narrow klass pointer bits 32, Max shift 3
Narrow klass base: 0xffffffffffffffff, Narrow klass shift: -1
Encoding Range: [0xffffffffffffffff - 0x000000007fffffff), (2147483648 bytes)
Klass Range:    [0x0000000000000000 - 0x0000000000000000), (0 bytes)
Klass ID Range:  [4294967295 - 0) (1)

GC Precious Log:
 CardTable entry size: 512
 Card Set container configuration: InlinePtr #cards 5 size 8 Array Of Cards #cards 10 size 36 Howl #buckets 4 coarsen threshold 1843 Howl Bitmap #cards 512 size 80 coarsen threshold 460 Card regions per heap region 1 cards per card region 2048

Heap:
 garbage-first heap   total reserved 2041856K, committed 0K, used 0K [0x0000000083600000, 0x0000000100000000)
  region size 1024K, 0 young (0K), 0 survivors (0K)

[error occurred during error reporting (printing heap information), id 0xc0000005, EXCEPTION_ACCESS_VIOLATION (0xc0000005) at pc=0x00007ff9d66ae3e9]
GC Heap History (0 events):
No events

Dll operation events (1 events):
Event: 0.083 Loaded shared library C:\Program Files\Java\jdk-24\bin\java.dll

Deoptimization events (0 events):
No events

Classes loaded (0 events):
No events

Classes unloaded (0 events):
No events

Classes redefined (0 events):
No events

Internal exceptions (0 events):
No events

VM Operations (0 events):
No events

Memory protections (0 events):
No events

Nmethod flushes (0 events):
No events

Events (0 events):
No events


Dynamic libraries:
0x00007ff7d5b80000 - 0x00007ff7d5b90000 	C:\Program Files\Java\jdk-24\bin\java.exe
0x00007ffa8db60000 - 0x00007ffa8ddc7000 	C:\WINDOWS\SYSTEM32\ntdll.dll
0x00007ffa65e20000 - 0x00007ffa65e40000 	C:\Program Files\Avast Software\Avast\aswhook.dll
0x00007ffa8d0b0000 - 0x00007ffa8d179000 	C:\WINDOWS\System32\KERNEL32.DLL
0x00007ffa8b450000 - 0x00007ffa8b840000 	C:\WINDOWS\System32\KERNELBASE.dll
0x00007ffa8ac90000 - 0x00007ffa8addb000 	C:\WINDOWS\System32\ucrtbase.dll
0x00007ffa79090000 - 0x00007ffa790ab000 	C:\Program Files\Java\jdk-24\bin\VCRUNTIME140.dll
0x00007ff9e34a0000 - 0x00007ff9e34b6000 	C:\Program Files\Java\jdk-24\bin\jli.dll
0x00007ffa8c280000 - 0x00007ffa8c445000 	C:\WINDOWS\System32\USER32.dll
0x00007ffa655a0000 - 0x00007ffa6583a000 	C:\WINDOWS\WinSxS\amd64_microsoft.windows.common-controls_6595b64144ccf1df_6.0.26100.4768_none_3e0c112ce331287c\COMCTL32.dll
0x00007ffa8b130000 - 0x00007ffa8b157000 	C:\WINDOWS\System32\win32u.dll
0x00007ffa8cf50000 - 0x00007ffa8cff9000 	C:\WINDOWS\System32\msvcrt.dll
0x00007ffa8d080000 - 0x00007ffa8d0ab000 	C:\WINDOWS\System32\GDI32.dll
0x00007ffa8ade0000 - 0x00007ffa8af18000 	C:\WINDOWS\System32\gdi32full.dll
0x00007ffa8b220000 - 0x00007ffa8b2c3000 	C:\WINDOWS\System32\msvcp_win.dll
0x00007ffa8d7e0000 - 0x00007ffa8d80f000 	C:\WINDOWS\System32\IMM32.DLL
0x00007ffa87690000 - 0x00007ffa8769c000 	C:\Program Files\Java\jdk-24\bin\vcruntime140_1.dll
0x00007ffa00900000 - 0x00007ffa0098e000 	C:\Program Files\Java\jdk-24\bin\msvcp140.dll
0x00007ff9d5f20000 - 0x00007ff9d6cc2000 	C:\Program Files\Java\jdk-24\bin\server\jvm.dll
0x00007ffa8b940000 - 0x00007ffa8b9f4000 	C:\WINDOWS\System32\ADVAPI32.dll
0x00007ffa8d180000 - 0x00007ffa8d226000 	C:\WINDOWS\System32\sechost.dll
0x00007ffa8ba00000 - 0x00007ffa8bb18000 	C:\WINDOWS\System32\RPCRT4.dll
0x00007ffa8d350000 - 0x00007ffa8d3c4000 	C:\WINDOWS\System32\WS2_32.dll
0x00007ffa80260000 - 0x00007ffa8026b000 	C:\WINDOWS\SYSTEM32\VERSION.dll
0x00007ffa65840000 - 0x00007ffa65875000 	C:\WINDOWS\SYSTEM32\WINMM.dll
0x00007ffa8ab10000 - 0x00007ffa8ab6e000 	C:\WINDOWS\SYSTEM32\POWRPROF.dll
0x00007ffa8aaf0000 - 0x00007ffa8ab04000 	C:\WINDOWS\SYSTEM32\UMPDC.dll
0x00007ffa899d0000 - 0x00007ffa899eb000 	C:\WINDOWS\SYSTEM32\kernel.appcore.dll
0x00007ffa77860000 - 0x00007ffa7786a000 	C:\Program Files\Java\jdk-24\bin\jimage.dll
0x00007ffa88450000 - 0x00007ffa88691000 	C:\WINDOWS\SYSTEM32\DBGHELP.DLL
0x00007ffa8d440000 - 0x00007ffa8d7c5000 	C:\WINDOWS\System32\combase.dll
0x00007ffa8d230000 - 0x00007ffa8d310000 	C:\WINDOWS\System32\OLEAUT32.dll
0x00007ffa78960000 - 0x00007ffa789a3000 	C:\WINDOWS\SYSTEM32\dbgcore.DLL
0x00007ffa8b850000 - 0x00007ffa8b8e9000 	C:\WINDOWS\System32\bcryptPrimitives.dll
0x00007ffa551d0000 - 0x00007ffa551ee000 	C:\Program Files\Java\jdk-24\bin\java.dll
0x00007ffa8cda0000 - 0x00007ffa8cf40000 	C:\WINDOWS\System32\ole32.dll
0x00007ffa8bb20000 - 0x00007ffa8c26d000 	C:\WINDOWS\System32\SHELL32.dll
0x00007ffa8b2d0000 - 0x00007ffa8b443000 	C:\WINDOWS\System32\wintypes.dll

JVMTI agents: none

dbghelp: loaded successfully - version: 4.0.5 - missing functions: none
symbol engine: initialized successfully - sym options: 0x614 - pdb path: .;C:\Program Files\Java\jdk-24\bin;C:\WINDOWS\SYSTEM32;C:\Program Files\Avast Software\Avast;C:\WINDOWS\WinSxS\amd64_microsoft.windows.common-controls_6595b64144ccf1df_6.0.26100.4768_none_3e0c112ce331287c;C:\Program Files\Java\jdk-24\bin\server

VM Arguments:
java_command: <unknown>
java_class_path (initial): <not set>
Launcher Type: SUN_STANDARD

[Global flags]
     intx CICompilerCount                          = 4                                         {product} {ergonomic}
     uint ConcGCThreads                            = 2                                         {product} {ergonomic}
     uint G1ConcRefinementThreads                  = 8                                         {product} {ergonomic}
   size_t G1HeapRegionSize                         = 1048576                                   {product} {ergonomic}
   size_t InitialHeapSize                          = 132120576                                 {product} {ergonomic}
   size_t MarkStackSize                            = 4194304                                   {product} {ergonomic}
   size_t MarkStackSizeMax                         = 536870912                                 {product} {ergonomic}
   size_t MaxHeapSize                              = 2090860544                                {product} {ergonomic}
   size_t MinHeapDeltaBytes                        = 1048576                                   {product} {ergonomic}
   size_t MinHeapSize                              = 8388608                                   {product} {ergonomic}
    uintx NonNMethodCodeHeapSize                   = 5832704                                {pd product} {ergonomic}
    uintx NonProfiledCodeHeapSize                  = 122945536                              {pd product} {ergonomic}
    uintx ProfiledCodeHeapSize                     = 122880000                              {pd product} {ergonomic}
    uintx ReservedCodeCacheSize                    = 251658240                              {pd product} {ergonomic}
     bool SegmentedCodeCache                       = true                                      {product} {ergonomic}
   size_t SoftMaxHeapSize                          = 2090860544                             {manageable} {ergonomic}
     bool UseCompressedOops                        = true                           {product lp64_product} {ergonomic}
     bool UseG1GC                                  = true                                      {product} {ergonomic}
     bool UseLargePagesIndividualAllocation        = false                                  {pd product} {ergonomic}

Logging:
Log output configuration:
 #0: stdout all=warning uptime,level,tags foldmultilines=false
 #1: stderr all=off uptime,level,tags foldmultilines=false

Environment Variables:
PATH=c:\Users\USER\AppData\Local\Programs\cursor\resources\app\bin;C:\Users\USER\AppData\Local\Android\Sdk\platform-tools;C:\Program Files (x86)\VMware\VMware Workstation\bin\;C:\Program Files\Common Files\Oracle\Java\javapath;C:\WINDOWS\system32;C:\WINDOWS;C:\WINDOWS\System32\Wbem;C:\WINDOWS\System32\WindowsPowerShell\v1.0\;C:\WINDOWS\System32\OpenSSH\;C:\Program Files\dotnet\;C:\Program Files (x86)\Microsoft SQL Server\160\DTS\Binn\;C:\Program Files (x86)\Microsoft SQL Server\160\Tools\Binn\;C:\Program Files\Microsoft SQL Server\160\Tools\Binn\;C:\Program Files\Microsoft SQL Server\Client SDK\ODBC\170\Tools\Binn\;C:\Program Files\Microsoft SQL Server\160\DTS\Binn\;C:\Program Files\MySQL\MySQL Server 8.0\bin;C:\Program Files\nodejs\;C:\Program Files\Git\cmd;C:\Program Files\MySQL\MySQL Shell 8.0\bin\;C:\Users\USER\AppData\Local\Microsoft\WindowsApps;C:\flutter\bin;C:\Users\USER\.dotnet\tools;C:\Program Files\JetBrains\IntelliJ IDEA 2025.1.2\bin;;C:\Users\USER\AppData\Roaming\npm;C:\Users\USER\AppData\Local\GitHub;C:\Program Files\MySQL\MySQL Shell 8.0\bin\;C:\Users\USER\AppData\Local\Microsoft\WindowsApps;C:\Users\USER\AppData\Local\Programs\Microsoft VS Code\bin;C:\flutter\bin;C:\Users\USER\.dotnet\tools;C:\Program Files\JetBrains\IntelliJ IDEA 2025.1.2\bin;;C:\Users\USER\AppData\Roaming\npm;C:\Users\USER\AppData\Local\GitHubDesktop\bin;C:\Users\USER\AppData\Local\Programs\cursor\resources\app\bin
USERNAME=USER
LANG=en_US.UTF-8
OS=Windows_NT
PROCESSOR_IDENTIFIER=Intel64 Family 6 Model 142 Stepping 12, GenuineIntel
TMP=C:\Users\USER\AppData\Local\Temp
TEMP=C:\Users\USER\AppData\Local\Temp




Periodic native trim disabled

---------------  S Y S T E M  ---------------

OS:
 Windows 11 , 64 bit Build 26100 (10.0.26100.4768)
OS uptime: 0 days 2:18 hours
Hyper-V role detected

CPU: total 8 (initial active 8) (4 cores per cpu, 2 threads per core) family 6 model 142 stepping 12 microcode 0xfc, cx8, cmov, fxsr, ht, mmx, 3dnowpref, sse, sse2, sse3, ssse3, sse4.1, sse4.2, popcnt, lzcnt, tsc, tscinvbit, avx, avx2, aes, erms, clmul, bmi1, bmi2, adx, fma, vzeroupper, clflush, clflushopt, hv, rdtscp, f16c
Processor Information for processor 0
  Max Mhz: 2112, Current Mhz: 1910, Mhz Limit: 1900
Processor Information for processor 1
  Max Mhz: 2112, Current Mhz: 1910, Mhz Limit: 1900
Processor Information for processor 2
  Max Mhz: 2112, Current Mhz: 1910, Mhz Limit: 1900
Processor Information for processor 3
  Max Mhz: 2112, Current Mhz: 1910, Mhz Limit: 1900
Processor Information for processor 4
  Max Mhz: 2112, Current Mhz: 1910, Mhz Limit: 1900
Processor Information for processor 5
  Max Mhz: 2112, Current Mhz: 1910, Mhz Limit: 1900
Processor Information for processor 6
  Max Mhz: 2112, Current Mhz: 1508, Mhz Limit: 1900
Processor Information for processor 7
  Max Mhz: 2112, Current Mhz: 1910, Mhz Limit: 1900

Memory: 4k page, system-wide physical 7970M (688M free)
TotalPageFile size 15593M (AvailPageFile size 74M)
current process WorkingSet (physical memory assigned to process): 14M, peak: 14M
current process commit charge ("private bytes"): 61M, peak: 186M

vm_info: Java HotSpot(TM) 64-Bit Server VM (24.0.1+9-30) for windows-amd64 JRE (24.0.1+9-30), built on 2025-03-05T07:23:45Z with MS VC++ 17.6 (VS2022)

END.
